The system is: Linux - 6.1.8-1-default - x86_64
Compiling the C compiler identification source file "CMakeCCompilerId.c" succeeded.
Compiler: /usr/bin/gcc 
Build flags: 
Id flags:  

The output was:
0


Compilation of the C compiler identification source "CMakeCCompilerId.c" produced "a.out"

The C compiler identification is GNU, found in "/home/laust/soface/soface-assignment-1/build/CMakeFiles/3.25.2/CompilerIdC/a.out"

Compiling the CXX compiler identification source file "CMakeCXXCompilerId.cpp" succeeded.
Compiler: /usr/bin/g++ 
Build flags: 
Id flags:  

The output was:
0


Compilation of the CXX compiler identification source "CMakeCXXCompilerId.cpp" produced "a.out"

The CXX compiler identification is GNU, found in "/home/laust/soface/soface-assignment-1/build/CMakeFiles/3.25.2/CompilerIdCXX/a.out"

Detecting C compiler ABI info compiled with the following output:
Change Dir: /home/laust/soface/soface-assignment-1/build/CMakeFiles/CMakeScratch/TryCompile-2zqyHN

Run Build Command(s):/usr/bin/gmake -f Makefile cmTC_08b10/fast && /usr/bin/gmake  -f CMakeFiles/cmTC_08b10.dir/build.make CMakeFiles/cmTC_08b10.dir/build
gmake[1]: Entering directory '/home/laust/soface/soface-assignment-1/build/CMakeFiles/CMakeScratch/TryCompile-2zqyHN'
Building C object CMakeFiles/cmTC_08b10.dir/CMakeCCompilerABI.c.o
/usr/bin/gcc   -v -o CMakeFiles/cmTC_08b10.dir/CMakeCCompilerABI.c.o -c /usr/share/cmake/Modules/CMakeCCompilerABI.c
Using built-in specs.
COLLECT_GCC=/usr/bin/gcc
OFFLOAD_TARGET_NAMES=nvptx-none:amdgcn-amdhsa
OFFLOAD_TARGET_DEFAULT=1
Target: x86_64-suse-linux
Configured with: ../configure --prefix=/usr --infodir=/usr/share/info --mandir=/usr/share/man --libdir=/usr/lib64 --libexecdir=/usr/lib64 --enable-languages=c,c++,objc,fortran,obj-c++,ada,go,d,jit --enable-offload-targets=nvptx-none,amdgcn-amdhsa, --enable-offload-defaulted --without-cuda-driver --enable-host-shared --enable-checking=release --disable-werror --with-gxx-include-dir=/usr/include/c++/12 --enable-ssp --disable-libssp --disable-libvtv --enable-cet=auto --disable-libcc1 --enable-plugin --with-bugurl=https://bugs.opensuse.org/ --with-pkgversion='SUSE Linux' --with-slibdir=/lib64 --with-system-zlib --enable-libstdcxx-allocator=new --disable-libstdcxx-pch --enable-libphobos --enable-version-specific-runtime-libs --with-gcc-major-version-only --enable-linker-build-id --enable-linux-futex --enable-gnu-indirect-function --program-suffix=-12 --without-system-libunwind --enable-multilib --with-arch-32=x86-64 --with-tune=generic --with-build-config=bootstrap-lto-lean --enable-link-mutex --build=x86_64-suse-linux --host=x86_64-suse-linux
Thread model: posix
Supported LTO compression algorithms: zlib zstd
gcc version 12.2.1 20230124 [revision 193f7e62815b4089dfaed4c2bd34fd4f10209e27] (SUSE Linux) 
COLLECT_GCC_OPTIONS='-v' '-o' 'CMakeFiles/cmTC_08b10.dir/CMakeCCompilerABI.c.o' '-c' '-mtune=generic' '-march=x86-64' '-dumpdir' 'CMakeFiles/cmTC_08b10.dir/'
 /usr/lib64/gcc/x86_64-suse-linux/12/cc1 -quiet -v /usr/share/cmake/Modules/CMakeCCompilerABI.c -quiet -dumpdir CMakeFiles/cmTC_08b10.dir/ -dumpbase CMakeCCompilerABI.c.c -dumpbase-ext .c -mtune=generic -march=x86-64 -version -o /tmp/ccoQO2BP.s
GNU C17 (SUSE Linux) version 12.2.1 20230124 [revision 193f7e62815b4089dfaed4c2bd34fd4f10209e27] (x86_64-suse-linux)
	compiled by GNU C version 12.2.1 20230124 [revision 193f7e62815b4089dfaed4c2bd34fd4f10209e27], GMP version 6.2.1, MPFR version 4.1.1-p1, MPC version 1.3.1, isl version isl-0.25-GMP

GGC heuristics: --param ggc-min-expand=100 --param ggc-min-heapsize=131072
#include "..." search starts here:
#include <...> search starts here:
 /usr/lib64/gcc/x86_64-suse-linux/12/include
 /usr/local/include
 /usr/lib64/gcc/x86_64-suse-linux/12/include-fixed
 /usr/lib64/gcc/x86_64-suse-linux/12/../../../../x86_64-suse-linux/include
 /usr/include
End of search list.
GNU C17 (SUSE Linux) version 12.2.1 20230124 [revision 193f7e62815b4089dfaed4c2bd34fd4f10209e27] (x86_64-suse-linux)
	compiled by GNU C version 12.2.1 20230124 [revision 193f7e62815b4089dfaed4c2bd34fd4f10209e27], GMP version 6.2.1, MPFR version 4.1.1-p1, MPC version 1.3.1, isl version isl-0.25-GMP

GGC heuristics: --param ggc-min-expand=100 --param ggc-min-heapsize=131072
Compiler executable checksum: 00000000000000000000000000000000
COLLECT_GCC_OPTIONS='-v' '-o' 'CMakeFiles/cmTC_08b10.dir/CMakeCCompilerABI.c.o' '-c' '-mtune=generic' '-march=x86-64' '-dumpdir' 'CMakeFiles/cmTC_08b10.dir/'
 /usr/lib64/gcc/x86_64-suse-linux/12/../../../../x86_64-suse-linux/bin/as -v --64 -o CMakeFiles/cmTC_08b10.dir/CMakeCCompilerABI.c.o /tmp/ccoQO2BP.s
GNU assembler version 2.39.0 (x86_64-suse-linux) using BFD version (GNU Binutils; openSUSE Tumbleweed) 2.39.0.20220810-3
COMPILER_PATH=/usr/lib64/gcc/x86_64-suse-linux/12/:/usr/lib64/gcc/x86_64-suse-linux/12/:/usr/lib64/gcc/x86_64-suse-linux/:/usr/lib64/gcc/x86_64-suse-linux/12/:/usr/lib64/gcc/x86_64-suse-linux/:/usr/lib64/gcc/x86_64-suse-linux/12/../../../../x86_64-suse-linux/bin/
LIBRARY_PATH=/usr/lib64/gcc/x86_64-suse-linux/12/:/usr/lib64/gcc/x86_64-suse-linux/12/../../../../lib64/:/lib/../lib64/:/usr/lib/../lib64/:/usr/lib64/gcc/x86_64-suse-linux/12/../../../../x86_64-suse-linux/lib/:/usr/lib64/gcc/x86_64-suse-linux/12/../../../:/lib/:/usr/lib/
COLLECT_GCC_OPTIONS='-v' '-o' 'CMakeFiles/cmTC_08b10.dir/CMakeCCompilerABI.c.o' '-c' '-mtune=generic' '-march=x86-64' '-dumpdir' 'CMakeFiles/cmTC_08b10.dir/CMakeCCompilerABI.c.'
Linking C executable cmTC_08b10
/usr/bin/cmake -E cmake_link_script CMakeFiles/cmTC_08b10.dir/link.txt --verbose=1
/usr/bin/gcc  -v CMakeFiles/cmTC_08b10.dir/CMakeCCompilerABI.c.o -o cmTC_08b10 
Using built-in specs.
COLLECT_GCC=/usr/bin/gcc
COLLECT_LTO_WRAPPER=/usr/lib64/gcc/x86_64-suse-linux/12/lto-wrapper
OFFLOAD_TARGET_NAMES=nvptx-none:amdgcn-amdhsa
OFFLOAD_TARGET_DEFAULT=1
Target: x86_64-suse-linux
Configured with: ../configure --prefix=/usr --infodir=/usr/share/info --mandir=/usr/share/man --libdir=/usr/lib64 --libexecdir=/usr/lib64 --enable-languages=c,c++,objc,fortran,obj-c++,ada,go,d,jit --enable-offload-targets=nvptx-none,amdgcn-amdhsa, --enable-offload-defaulted --without-cuda-driver --enable-host-shared --enable-checking=release --disable-werror --with-gxx-include-dir=/usr/include/c++/12 --enable-ssp --disable-libssp --disable-libvtv --enable-cet=auto --disable-libcc1 --enable-plugin --with-bugurl=https://bugs.opensuse.org/ --with-pkgversion='SUSE Linux' --with-slibdir=/lib64 --with-system-zlib --enable-libstdcxx-allocator=new --disable-libstdcxx-pch --enable-libphobos --enable-version-specific-runtime-libs --with-gcc-major-version-only --enable-linker-build-id --enable-linux-futex --enable-gnu-indirect-function --program-suffix=-12 --without-system-libunwind --enable-multilib --with-arch-32=x86-64 --with-tune=generic --with-build-config=bootstrap-lto-lean --enable-link-mutex --build=x86_64-suse-linux --host=x86_64-suse-linux
Thread model: posix
Supported LTO compression algorithms: zlib zstd
gcc version 12.2.1 20230124 [revision 193f7e62815b4089dfaed4c2bd34fd4f10209e27] (SUSE Linux) 
COMPILER_PATH=/usr/lib64/gcc/x86_64-suse-linux/12/:/usr/lib64/gcc/x86_64-suse-linux/12/:/usr/lib64/gcc/x86_64-suse-linux/:/usr/lib64/gcc/x86_64-suse-linux/12/:/usr/lib64/gcc/x86_64-suse-linux/:/usr/lib64/gcc/x86_64-suse-linux/12/../../../../x86_64-suse-linux/bin/
LIBRARY_PATH=/usr/lib64/gcc/x86_64-suse-linux/12/:/usr/lib64/gcc/x86_64-suse-linux/12/../../../../lib64/:/lib/../lib64/:/usr/lib/../lib64/:/usr/lib64/gcc/x86_64-suse-linux/12/../../../../x86_64-suse-linux/lib/:/usr/lib64/gcc/x86_64-suse-linux/12/../../../:/lib/:/usr/lib/
COLLECT_GCC_OPTIONS='-v' '-o' 'cmTC_08b10' '-mtune=generic' '-march=x86-64' '-dumpdir' 'cmTC_08b10.'
 /usr/lib64/gcc/x86_64-suse-linux/12/collect2 -plugin /usr/lib64/gcc/x86_64-suse-linux/12/liblto_plugin.so -plugin-opt=/usr/lib64/gcc/x86_64-suse-linux/12/lto-wrapper -plugin-opt=-fresolution=/tmp/ccn1IU8M.res -plugin-opt=-pass-through=-lgcc -plugin-opt=-pass-through=-lgcc_s -plugin-opt=-pass-through=-lc -plugin-opt=-pass-through=-lgcc -plugin-opt=-pass-through=-lgcc_s --build-id --eh-frame-hdr -m elf_x86_64 -dynamic-linker /lib64/ld-linux-x86-64.so.2 -o cmTC_08b10 /usr/lib64/gcc/x86_64-suse-linux/12/../../../../lib64/crt1.o /usr/lib64/gcc/x86_64-suse-linux/12/../../../../lib64/crti.o /usr/lib64/gcc/x86_64-suse-linux/12/crtbegin.o -L/usr/lib64/gcc/x86_64-suse-linux/12 -L/usr/lib64/gcc/x86_64-suse-linux/12/../../../../lib64 -L/lib/../lib64 -L/usr/lib/../lib64 -L/usr/lib64/gcc/x86_64-suse-linux/12/../../../../x86_64-suse-linux/lib -L/usr/lib64/gcc/x86_64-suse-linux/12/../../.. CMakeFiles/cmTC_08b10.dir/CMakeCCompilerABI.c.o -lgcc --push-state --as-needed -lgcc_s --pop-state -lc -lgcc --push-state --as-needed -lgcc_s --pop-state /usr/lib64/gcc/x86_64-suse-linux/12/crtend.o /usr/lib64/gcc/x86_64-suse-linux/12/../../../../lib64/crtn.o
COLLECT_GCC_OPTIONS='-v' '-o' 'cmTC_08b10' '-mtune=generic' '-march=x86-64' '-dumpdir' 'cmTC_08b10.'
gmake[1]: Leaving directory '/home/laust/soface/soface-assignment-1/build/CMakeFiles/CMakeScratch/TryCompile-2zqyHN'



Parsed C implicit include dir info from above output: rv=done
  found start of include info
  found start of implicit include info
    add: [/usr/lib64/gcc/x86_64-suse-linux/12/include]
    add: [/usr/local/include]
    add: [/usr/lib64/gcc/x86_64-suse-linux/12/include-fixed]
    add: [/usr/lib64/gcc/x86_64-suse-linux/12/../../../../x86_64-suse-linux/include]
    add: [/usr/include]
  end of search list found
  collapse include dir [/usr/lib64/gcc/x86_64-suse-linux/12/include] ==> [/usr/lib64/gcc/x86_64-suse-linux/12/include]
  collapse include dir [/usr/local/include] ==> [/usr/local/include]
  collapse include dir [/usr/lib64/gcc/x86_64-suse-linux/12/include-fixed] ==> [/usr/lib64/gcc/x86_64-suse-linux/12/include-fixed]
  collapse include dir [/usr/lib64/gcc/x86_64-suse-linux/12/../../../../x86_64-suse-linux/include] ==> [/usr/x86_64-suse-linux/include]
  collapse include dir [/usr/include] ==> [/usr/include]
  implicit include dirs: [/usr/lib64/gcc/x86_64-suse-linux/12/include;/usr/local/include;/usr/lib64/gcc/x86_64-suse-linux/12/include-fixed;/usr/x86_64-suse-linux/include;/usr/include]


Parsed C implicit link information from above output:
  link line regex: [^( *|.*[/\])(ld|CMAKE_LINK_STARTFILE-NOTFOUND|([^/\]+-)?ld|collect2)[^/\]*( |$)]
  ignore line: [Change Dir: /home/laust/soface/soface-assignment-1/build/CMakeFiles/CMakeScratch/TryCompile-2zqyHN]
  ignore line: []
  ignore line: [Run Build Command(s):/usr/bin/gmake -f Makefile cmTC_08b10/fast && /usr/bin/gmake  -f CMakeFiles/cmTC_08b10.dir/build.make CMakeFiles/cmTC_08b10.dir/build]
  ignore line: [gmake[1]: Entering directory '/home/laust/soface/soface-assignment-1/build/CMakeFiles/CMakeScratch/TryCompile-2zqyHN']
  ignore line: [Building C object CMakeFiles/cmTC_08b10.dir/CMakeCCompilerABI.c.o]
  ignore line: [/usr/bin/gcc   -v -o CMakeFiles/cmTC_08b10.dir/CMakeCCompilerABI.c.o -c /usr/share/cmake/Modules/CMakeCCompilerABI.c]
  ignore line: [Using built-in specs.]
  ignore line: [COLLECT_GCC=/usr/bin/gcc]
  ignore line: [OFFLOAD_TARGET_NAMES=nvptx-none:amdgcn-amdhsa]
  ignore line: [OFFLOAD_TARGET_DEFAULT=1]
  ignore line: [Target: x86_64-suse-linux]
  ignore line: [Configured with: ../configure --prefix=/usr --infodir=/usr/share/info --mandir=/usr/share/man --libdir=/usr/lib64 --libexecdir=/usr/lib64 --enable-languages=c c++ objc fortran obj-c++ ada go d jit --enable-offload-targets=nvptx-none amdgcn-amdhsa  --enable-offload-defaulted --without-cuda-driver --enable-host-shared --enable-checking=release --disable-werror --with-gxx-include-dir=/usr/include/c++/12 --enable-ssp --disable-libssp --disable-libvtv --enable-cet=auto --disable-libcc1 --enable-plugin --with-bugurl=https://bugs.opensuse.org/ --with-pkgversion='SUSE Linux' --with-slibdir=/lib64 --with-system-zlib --enable-libstdcxx-allocator=new --disable-libstdcxx-pch --enable-libphobos --enable-version-specific-runtime-libs --with-gcc-major-version-only --enable-linker-build-id --enable-linux-futex --enable-gnu-indirect-function --program-suffix=-12 --without-system-libunwind --enable-multilib --with-arch-32=x86-64 --with-tune=generic --with-build-config=bootstrap-lto-lean --enable-link-mutex --build=x86_64-suse-linux --host=x86_64-suse-linux]
  ignore line: [Thread model: posix]
  ignore line: [Supported LTO compression algorithms: zlib zstd]
  ignore line: [gcc version 12.2.1 20230124 [revision 193f7e62815b4089dfaed4c2bd34fd4f10209e27] (SUSE Linux) ]
  ignore line: [COLLECT_GCC_OPTIONS='-v' '-o' 'CMakeFiles/cmTC_08b10.dir/CMakeCCompilerABI.c.o' '-c' '-mtune=generic' '-march=x86-64' '-dumpdir' 'CMakeFiles/cmTC_08b10.dir/']
  ignore line: [ /usr/lib64/gcc/x86_64-suse-linux/12/cc1 -quiet -v /usr/share/cmake/Modules/CMakeCCompilerABI.c -quiet -dumpdir CMakeFiles/cmTC_08b10.dir/ -dumpbase CMakeCCompilerABI.c.c -dumpbase-ext .c -mtune=generic -march=x86-64 -version -o /tmp/ccoQO2BP.s]
  ignore line: [GNU C17 (SUSE Linux) version 12.2.1 20230124 [revision 193f7e62815b4089dfaed4c2bd34fd4f10209e27] (x86_64-suse-linux)]
  ignore line: [	compiled by GNU C version 12.2.1 20230124 [revision 193f7e62815b4089dfaed4c2bd34fd4f10209e27]  GMP version 6.2.1  MPFR version 4.1.1-p1  MPC version 1.3.1  isl version isl-0.25-GMP]
  ignore line: []
  ignore line: [GGC heuristics: --param ggc-min-expand=100 --param ggc-min-heapsize=131072]
  ignore line: [#include "..." search starts here:]
  ignore line: [#include <...> search starts here:]
  ignore line: [ /usr/lib64/gcc/x86_64-suse-linux/12/include]
  ignore line: [ /usr/local/include]
  ignore line: [ /usr/lib64/gcc/x86_64-suse-linux/12/include-fixed]
  ignore line: [ /usr/lib64/gcc/x86_64-suse-linux/12/../../../../x86_64-suse-linux/include]
  ignore line: [ /usr/include]
  ignore line: [End of search list.]
  ignore line: [GNU C17 (SUSE Linux) version 12.2.1 20230124 [revision 193f7e62815b4089dfaed4c2bd34fd4f10209e27] (x86_64-suse-linux)]
  ignore line: [	compiled by GNU C version 12.2.1 20230124 [revision 193f7e62815b4089dfaed4c2bd34fd4f10209e27]  GMP version 6.2.1  MPFR version 4.1.1-p1  MPC version 1.3.1  isl version isl-0.25-GMP]
  ignore line: []
  ignore line: [GGC heuristics: --param ggc-min-expand=100 --param ggc-min-heapsize=131072]
  ignore line: [Compiler executable checksum: 00000000000000000000000000000000]
  ignore line: [COLLECT_GCC_OPTIONS='-v' '-o' 'CMakeFiles/cmTC_08b10.dir/CMakeCCompilerABI.c.o' '-c' '-mtune=generic' '-march=x86-64' '-dumpdir' 'CMakeFiles/cmTC_08b10.dir/']
  ignore line: [ /usr/lib64/gcc/x86_64-suse-linux/12/../../../../x86_64-suse-linux/bin/as -v --64 -o CMakeFiles/cmTC_08b10.dir/CMakeCCompilerABI.c.o /tmp/ccoQO2BP.s]
  ignore line: [GNU assembler version 2.39.0 (x86_64-suse-linux) using BFD version (GNU Binutils]
  ignore line: [ openSUSE Tumbleweed) 2.39.0.20220810-3]
  ignore line: [COMPILER_PATH=/usr/lib64/gcc/x86_64-suse-linux/12/:/usr/lib64/gcc/x86_64-suse-linux/12/:/usr/lib64/gcc/x86_64-suse-linux/:/usr/lib64/gcc/x86_64-suse-linux/12/:/usr/lib64/gcc/x86_64-suse-linux/:/usr/lib64/gcc/x86_64-suse-linux/12/../../../../x86_64-suse-linux/bin/]
  ignore line: [LIBRARY_PATH=/usr/lib64/gcc/x86_64-suse-linux/12/:/usr/lib64/gcc/x86_64-suse-linux/12/../../../../lib64/:/lib/../lib64/:/usr/lib/../lib64/:/usr/lib64/gcc/x86_64-suse-linux/12/../../../../x86_64-suse-linux/lib/:/usr/lib64/gcc/x86_64-suse-linux/12/../../../:/lib/:/usr/lib/]
  ignore line: [COLLECT_GCC_OPTIONS='-v' '-o' 'CMakeFiles/cmTC_08b10.dir/CMakeCCompilerABI.c.o' '-c' '-mtune=generic' '-march=x86-64' '-dumpdir' 'CMakeFiles/cmTC_08b10.dir/CMakeCCompilerABI.c.']
  ignore line: [Linking C executable cmTC_08b10]
  ignore line: [/usr/bin/cmake -E cmake_link_script CMakeFiles/cmTC_08b10.dir/link.txt --verbose=1]
  ignore line: [/usr/bin/gcc  -v CMakeFiles/cmTC_08b10.dir/CMakeCCompilerABI.c.o -o cmTC_08b10 ]
  ignore line: [Using built-in specs.]
  ignore line: [COLLECT_GCC=/usr/bin/gcc]
  ignore line: [COLLECT_LTO_WRAPPER=/usr/lib64/gcc/x86_64-suse-linux/12/lto-wrapper]
  ignore line: [OFFLOAD_TARGET_NAMES=nvptx-none:amdgcn-amdhsa]
  ignore line: [OFFLOAD_TARGET_DEFAULT=1]
  ignore line: [Target: x86_64-suse-linux]
  ignore line: [Configured with: ../configure --prefix=/usr --infodir=/usr/share/info --mandir=/usr/share/man --libdir=/usr/lib64 --libexecdir=/usr/lib64 --enable-languages=c c++ objc fortran obj-c++ ada go d jit --enable-offload-targets=nvptx-none amdgcn-amdhsa  --enable-offload-defaulted --without-cuda-driver --enable-host-shared --enable-checking=release --disable-werror --with-gxx-include-dir=/usr/include/c++/12 --enable-ssp --disable-libssp --disable-libvtv --enable-cet=auto --disable-libcc1 --enable-plugin --with-bugurl=https://bugs.opensuse.org/ --with-pkgversion='SUSE Linux' --with-slibdir=/lib64 --with-system-zlib --enable-libstdcxx-allocator=new --disable-libstdcxx-pch --enable-libphobos --enable-version-specific-runtime-libs --with-gcc-major-version-only --enable-linker-build-id --enable-linux-futex --enable-gnu-indirect-function --program-suffix=-12 --without-system-libunwind --enable-multilib --with-arch-32=x86-64 --with-tune=generic --with-build-config=bootstrap-lto-lean --enable-link-mutex --build=x86_64-suse-linux --host=x86_64-suse-linux]
  ignore line: [Thread model: posix]
  ignore line: [Supported LTO compression algorithms: zlib zstd]
  ignore line: [gcc version 12.2.1 20230124 [revision 193f7e62815b4089dfaed4c2bd34fd4f10209e27] (SUSE Linux) ]
  ignore line: [COMPILER_PATH=/usr/lib64/gcc/x86_64-suse-linux/12/:/usr/lib64/gcc/x86_64-suse-linux/12/:/usr/lib64/gcc/x86_64-suse-linux/:/usr/lib64/gcc/x86_64-suse-linux/12/:/usr/lib64/gcc/x86_64-suse-linux/:/usr/lib64/gcc/x86_64-suse-linux/12/../../../../x86_64-suse-linux/bin/]
  ignore line: [LIBRARY_PATH=/usr/lib64/gcc/x86_64-suse-linux/12/:/usr/lib64/gcc/x86_64-suse-linux/12/../../../../lib64/:/lib/../lib64/:/usr/lib/../lib64/:/usr/lib64/gcc/x86_64-suse-linux/12/../../../../x86_64-suse-linux/lib/:/usr/lib64/gcc/x86_64-suse-linux/12/../../../:/lib/:/usr/lib/]
  ignore line: [COLLECT_GCC_OPTIONS='-v' '-o' 'cmTC_08b10' '-mtune=generic' '-march=x86-64' '-dumpdir' 'cmTC_08b10.']
  link line: [ /usr/lib64/gcc/x86_64-suse-linux/12/collect2 -plugin /usr/lib64/gcc/x86_64-suse-linux/12/liblto_plugin.so -plugin-opt=/usr/lib64/gcc/x86_64-suse-linux/12/lto-wrapper -plugin-opt=-fresolution=/tmp/ccn1IU8M.res -plugin-opt=-pass-through=-lgcc -plugin-opt=-pass-through=-lgcc_s -plugin-opt=-pass-through=-lc -plugin-opt=-pass-through=-lgcc -plugin-opt=-pass-through=-lgcc_s --build-id --eh-frame-hdr -m elf_x86_64 -dynamic-linker /lib64/ld-linux-x86-64.so.2 -o cmTC_08b10 /usr/lib64/gcc/x86_64-suse-linux/12/../../../../lib64/crt1.o /usr/lib64/gcc/x86_64-suse-linux/12/../../../../lib64/crti.o /usr/lib64/gcc/x86_64-suse-linux/12/crtbegin.o -L/usr/lib64/gcc/x86_64-suse-linux/12 -L/usr/lib64/gcc/x86_64-suse-linux/12/../../../../lib64 -L/lib/../lib64 -L/usr/lib/../lib64 -L/usr/lib64/gcc/x86_64-suse-linux/12/../../../../x86_64-suse-linux/lib -L/usr/lib64/gcc/x86_64-suse-linux/12/../../.. CMakeFiles/cmTC_08b10.dir/CMakeCCompilerABI.c.o -lgcc --push-state --as-needed -lgcc_s --pop-state -lc -lgcc --push-state --as-needed -lgcc_s --pop-state /usr/lib64/gcc/x86_64-suse-linux/12/crtend.o /usr/lib64/gcc/x86_64-suse-linux/12/../../../../lib64/crtn.o]
    arg [/usr/lib64/gcc/x86_64-suse-linux/12/collect2] ==> ignore
    arg [-plugin] ==> ignore
    arg [/usr/lib64/gcc/x86_64-suse-linux/12/liblto_plugin.so] ==> ignore
    arg [-plugin-opt=/usr/lib64/gcc/x86_64-suse-linux/12/lto-wrapper] ==> ignore
    arg [-plugin-opt=-fresolution=/tmp/ccn1IU8M.res] ==> ignore
    arg [-plugin-opt=-pass-through=-lgcc] ==> ignore
    arg [-plugin-opt=-pass-through=-lgcc_s] ==> ignore
    arg [-plugin-opt=-pass-through=-lc] ==> ignore
    arg [-plugin-opt=-pass-through=-lgcc] ==> ignore
    arg [-plugin-opt=-pass-through=-lgcc_s] ==> ignore
    arg [--build-id] ==> ignore
    arg [--eh-frame-hdr] ==> ignore
    arg [-m] ==> ignore
    arg [elf_x86_64] ==> ignore
    arg [-dynamic-linker] ==> ignore
    arg [/lib64/ld-linux-x86-64.so.2] ==> ignore
    arg [-o] ==> ignore
    arg [cmTC_08b10] ==> ignore
    arg [/usr/lib64/gcc/x86_64-suse-linux/12/../../../../lib64/crt1.o] ==> obj [/usr/lib64/gcc/x86_64-suse-linux/12/../../../../lib64/crt1.o]
    arg [/usr/lib64/gcc/x86_64-suse-linux/12/../../../../lib64/crti.o] ==> obj [/usr/lib64/gcc/x86_64-suse-linux/12/../../../../lib64/crti.o]
    arg [/usr/lib64/gcc/x86_64-suse-linux/12/crtbegin.o] ==> obj [/usr/lib64/gcc/x86_64-suse-linux/12/crtbegin.o]
    arg [-L/usr/lib64/gcc/x86_64-suse-linux/12] ==> dir [/usr/lib64/gcc/x86_64-suse-linux/12]
    arg [-L/usr/lib64/gcc/x86_64-suse-linux/12/../../../../lib64] ==> dir [/usr/lib64/gcc/x86_64-suse-linux/12/../../../../lib64]
    arg [-L/lib/../lib64] ==> dir [/lib/../lib64]
    arg [-L/usr/lib/../lib64] ==> dir [/usr/lib/../lib64]
    arg [-L/usr/lib64/gcc/x86_64-suse-linux/12/../../../../x86_64-suse-linux/lib] ==> dir [/usr/lib64/gcc/x86_64-suse-linux/12/../../../../x86_64-suse-linux/lib]
    arg [-L/usr/lib64/gcc/x86_64-suse-linux/12/../../..] ==> dir [/usr/lib64/gcc/x86_64-suse-linux/12/../../..]
    arg [CMakeFiles/cmTC_08b10.dir/CMakeCCompilerABI.c.o] ==> ignore
    arg [-lgcc] ==> lib [gcc]
    arg [--push-state] ==> ignore
    arg [--as-needed] ==> ignore
    arg [-lgcc_s] ==> lib [gcc_s]
    arg [--pop-state] ==> ignore
    arg [-lc] ==> lib [c]
    arg [-lgcc] ==> lib [gcc]
    arg [--push-state] ==> ignore
    arg [--as-needed] ==> ignore
    arg [-lgcc_s] ==> lib [gcc_s]
    arg [--pop-state] ==> ignore
    arg [/usr/lib64/gcc/x86_64-suse-linux/12/crtend.o] ==> obj [/usr/lib64/gcc/x86_64-suse-linux/12/crtend.o]
    arg [/usr/lib64/gcc/x86_64-suse-linux/12/../../../../lib64/crtn.o] ==> obj [/usr/lib64/gcc/x86_64-suse-linux/12/../../../../lib64/crtn.o]
  collapse obj [/usr/lib64/gcc/x86_64-suse-linux/12/../../../../lib64/crt1.o] ==> [/usr/lib64/crt1.o]
  collapse obj [/usr/lib64/gcc/x86_64-suse-linux/12/../../../../lib64/crti.o] ==> [/usr/lib64/crti.o]
  collapse obj [/usr/lib64/gcc/x86_64-suse-linux/12/../../../../lib64/crtn.o] ==> [/usr/lib64/crtn.o]
  collapse library dir [/usr/lib64/gcc/x86_64-suse-linux/12] ==> [/usr/lib64/gcc/x86_64-suse-linux/12]
  collapse library dir [/usr/lib64/gcc/x86_64-suse-linux/12/../../../../lib64] ==> [/usr/lib64]
  collapse library dir [/lib/../lib64] ==> [/lib64]
  collapse library dir [/usr/lib/../lib64] ==> [/usr/lib64]
  collapse library dir [/usr/lib64/gcc/x86_64-suse-linux/12/../../../../x86_64-suse-linux/lib] ==> [/usr/x86_64-suse-linux/lib]
  collapse library dir [/usr/lib64/gcc/x86_64-suse-linux/12/../../..] ==> [/usr/lib64]
  implicit libs: [gcc;gcc_s;c;gcc;gcc_s]
  implicit objs: [/usr/lib64/crt1.o;/usr/lib64/crti.o;/usr/lib64/gcc/x86_64-suse-linux/12/crtbegin.o;/usr/lib64/gcc/x86_64-suse-linux/12/crtend.o;/usr/lib64/crtn.o]
  implicit dirs: [/usr/lib64/gcc/x86_64-suse-linux/12;/usr/lib64;/lib64;/usr/x86_64-suse-linux/lib]
  implicit fwks: []


Detecting CXX compiler ABI info compiled with the following output:
Change Dir: /home/laust/soface/soface-assignment-1/build/CMakeFiles/CMakeScratch/TryCompile-wzOzEs

Run Build Command(s):/usr/bin/gmake -f Makefile cmTC_f9dc1/fast && /usr/bin/gmake  -f CMakeFiles/cmTC_f9dc1.dir/build.make CMakeFiles/cmTC_f9dc1.dir/build
gmake[1]: Entering directory '/home/laust/soface/soface-assignment-1/build/CMakeFiles/CMakeScratch/TryCompile-wzOzEs'
Building CXX object CMakeFiles/cmTC_f9dc1.dir/CMakeCXXCompilerABI.cpp.o
/usr/bin/g++   -v -o CMakeFiles/cmTC_f9dc1.dir/CMakeCXXCompilerABI.cpp.o -c /usr/share/cmake/Modules/CMakeCXXCompilerABI.cpp
Using built-in specs.
COLLECT_GCC=/usr/bin/g++
OFFLOAD_TARGET_NAMES=nvptx-none:amdgcn-amdhsa
OFFLOAD_TARGET_DEFAULT=1
Target: x86_64-suse-linux
Configured with: ../configure --prefix=/usr --infodir=/usr/share/info --mandir=/usr/share/man --libdir=/usr/lib64 --libexecdir=/usr/lib64 --enable-languages=c,c++,objc,fortran,obj-c++,ada,go,d,jit --enable-offload-targets=nvptx-none,amdgcn-amdhsa, --enable-offload-defaulted --without-cuda-driver --enable-host-shared --enable-checking=release --disable-werror --with-gxx-include-dir=/usr/include/c++/12 --enable-ssp --disable-libssp --disable-libvtv --enable-cet=auto --disable-libcc1 --enable-plugin --with-bugurl=https://bugs.opensuse.org/ --with-pkgversion='SUSE Linux' --with-slibdir=/lib64 --with-system-zlib --enable-libstdcxx-allocator=new --disable-libstdcxx-pch --enable-libphobos --enable-version-specific-runtime-libs --with-gcc-major-version-only --enable-linker-build-id --enable-linux-futex --enable-gnu-indirect-function --program-suffix=-12 --without-system-libunwind --enable-multilib --with-arch-32=x86-64 --with-tune=generic --with-build-config=bootstrap-lto-lean --enable-link-mutex --build=x86_64-suse-linux --host=x86_64-suse-linux
Thread model: posix
Supported LTO compression algorithms: zlib zstd
gcc version 12.2.1 20230124 [revision 193f7e62815b4089dfaed4c2bd34fd4f10209e27] (SUSE Linux) 
COLLECT_GCC_OPTIONS='-v' '-o' 'CMakeFiles/cmTC_f9dc1.dir/CMakeCXXCompilerABI.cpp.o' '-c' '-shared-libgcc' '-mtune=generic' '-march=x86-64' '-dumpdir' 'CMakeFiles/cmTC_f9dc1.dir/'
 /usr/lib64/gcc/x86_64-suse-linux/12/cc1plus -quiet -v -D_GNU_SOURCE /usr/share/cmake/Modules/CMakeCXXCompilerABI.cpp -quiet -dumpdir CMakeFiles/cmTC_f9dc1.dir/ -dumpbase CMakeCXXCompilerABI.cpp.cpp -dumpbase-ext .cpp -mtune=generic -march=x86-64 -version -o /tmp/cc9Y8bJ1.s
GNU C++17 (SUSE Linux) version 12.2.1 20230124 [revision 193f7e62815b4089dfaed4c2bd34fd4f10209e27] (x86_64-suse-linux)
	compiled by GNU C version 12.2.1 20230124 [revision 193f7e62815b4089dfaed4c2bd34fd4f10209e27], GMP version 6.2.1, MPFR version 4.1.1-p1, MPC version 1.3.1, isl version isl-0.25-GMP

GGC heuristics: --param ggc-min-expand=100 --param ggc-min-heapsize=131072
#include "..." search starts here:
#include <...> search starts here:
 /usr/include/c++/12
 /usr/include/c++/12/x86_64-suse-linux
 /usr/include/c++/12/backward
 /usr/lib64/gcc/x86_64-suse-linux/12/include
 /usr/local/include
 /usr/lib64/gcc/x86_64-suse-linux/12/include-fixed
 /usr/lib64/gcc/x86_64-suse-linux/12/../../../../x86_64-suse-linux/include
 /usr/include
End of search list.
GNU C++17 (SUSE Linux) version 12.2.1 20230124 [revision 193f7e62815b4089dfaed4c2bd34fd4f10209e27] (x86_64-suse-linux)
	compiled by GNU C version 12.2.1 20230124 [revision 193f7e62815b4089dfaed4c2bd34fd4f10209e27], GMP version 6.2.1, MPFR version 4.1.1-p1, MPC version 1.3.1, isl version isl-0.25-GMP

GGC heuristics: --param ggc-min-expand=100 --param ggc-min-heapsize=131072
Compiler executable checksum: 00000000000000000000000000000000
COLLECT_GCC_OPTIONS='-v' '-o' 'CMakeFiles/cmTC_f9dc1.dir/CMakeCXXCompilerABI.cpp.o' '-c' '-shared-libgcc' '-mtune=generic' '-march=x86-64' '-dumpdir' 'CMakeFiles/cmTC_f9dc1.dir/'
 /usr/lib64/gcc/x86_64-suse-linux/12/../../../../x86_64-suse-linux/bin/as -v --64 -o CMakeFiles/cmTC_f9dc1.dir/CMakeCXXCompilerABI.cpp.o /tmp/cc9Y8bJ1.s
GNU assembler version 2.39.0 (x86_64-suse-linux) using BFD version (GNU Binutils; openSUSE Tumbleweed) 2.39.0.20220810-3
COMPILER_PATH=/usr/lib64/gcc/x86_64-suse-linux/12/:/usr/lib64/gcc/x86_64-suse-linux/12/:/usr/lib64/gcc/x86_64-suse-linux/:/usr/lib64/gcc/x86_64-suse-linux/12/:/usr/lib64/gcc/x86_64-suse-linux/:/usr/lib64/gcc/x86_64-suse-linux/12/../../../../x86_64-suse-linux/bin/
LIBRARY_PATH=/usr/lib64/gcc/x86_64-suse-linux/12/:/usr/lib64/gcc/x86_64-suse-linux/12/../../../../lib64/:/lib/../lib64/:/usr/lib/../lib64/:/usr/lib64/gcc/x86_64-suse-linux/12/../../../../x86_64-suse-linux/lib/:/usr/lib64/gcc/x86_64-suse-linux/12/../../../:/lib/:/usr/lib/
COLLECT_GCC_OPTIONS='-v' '-o' 'CMakeFiles/cmTC_f9dc1.dir/CMakeCXXCompilerABI.cpp.o' '-c' '-shared-libgcc' '-mtune=generic' '-march=x86-64' '-dumpdir' 'CMakeFiles/cmTC_f9dc1.dir/CMakeCXXCompilerABI.cpp.'
Linking CXX executable cmTC_f9dc1
/usr/bin/cmake -E cmake_link_script CMakeFiles/cmTC_f9dc1.dir/link.txt --verbose=1
/usr/bin/g++  -v CMakeFiles/cmTC_f9dc1.dir/CMakeCXXCompilerABI.cpp.o -o cmTC_f9dc1 
Using built-in specs.
COLLECT_GCC=/usr/bin/g++
COLLECT_LTO_WRAPPER=/usr/lib64/gcc/x86_64-suse-linux/12/lto-wrapper
OFFLOAD_TARGET_NAMES=nvptx-none:amdgcn-amdhsa
OFFLOAD_TARGET_DEFAULT=1
Target: x86_64-suse-linux
Configured with: ../configure --prefix=/usr --infodir=/usr/share/info --mandir=/usr/share/man --libdir=/usr/lib64 --libexecdir=/usr/lib64 --enable-languages=c,c++,objc,fortran,obj-c++,ada,go,d,jit --enable-offload-targets=nvptx-none,amdgcn-amdhsa, --enable-offload-defaulted --without-cuda-driver --enable-host-shared --enable-checking=release --disable-werror --with-gxx-include-dir=/usr/include/c++/12 --enable-ssp --disable-libssp --disable-libvtv --enable-cet=auto --disable-libcc1 --enable-plugin --with-bugurl=https://bugs.opensuse.org/ --with-pkgversion='SUSE Linux' --with-slibdir=/lib64 --with-system-zlib --enable-libstdcxx-allocator=new --disable-libstdcxx-pch --enable-libphobos --enable-version-specific-runtime-libs --with-gcc-major-version-only --enable-linker-build-id --enable-linux-futex --enable-gnu-indirect-function --program-suffix=-12 --without-system-libunwind --enable-multilib --with-arch-32=x86-64 --with-tune=generic --with-build-config=bootstrap-lto-lean --enable-link-mutex --build=x86_64-suse-linux --host=x86_64-suse-linux
Thread model: posix
Supported LTO compression algorithms: zlib zstd
gcc version 12.2.1 20230124 [revision 193f7e62815b4089dfaed4c2bd34fd4f10209e27] (SUSE Linux) 
COMPILER_PATH=/usr/lib64/gcc/x86_64-suse-linux/12/:/usr/lib64/gcc/x86_64-suse-linux/12/:/usr/lib64/gcc/x86_64-suse-linux/:/usr/lib64/gcc/x86_64-suse-linux/12/:/usr/lib64/gcc/x86_64-suse-linux/:/usr/lib64/gcc/x86_64-suse-linux/12/../../../../x86_64-suse-linux/bin/
LIBRARY_PATH=/usr/lib64/gcc/x86_64-suse-linux/12/:/usr/lib64/gcc/x86_64-suse-linux/12/../../../../lib64/:/lib/../lib64/:/usr/lib/../lib64/:/usr/lib64/gcc/x86_64-suse-linux/12/../../../../x86_64-suse-linux/lib/:/usr/lib64/gcc/x86_64-suse-linux/12/../../../:/lib/:/usr/lib/
COLLECT_GCC_OPTIONS='-v' '-o' 'cmTC_f9dc1' '-shared-libgcc' '-mtune=generic' '-march=x86-64' '-dumpdir' 'cmTC_f9dc1.'
 /usr/lib64/gcc/x86_64-suse-linux/12/collect2 -plugin /usr/lib64/gcc/x86_64-suse-linux/12/liblto_plugin.so -plugin-opt=/usr/lib64/gcc/x86_64-suse-linux/12/lto-wrapper -plugin-opt=-fresolution=/tmp/ccyPsD91.res -plugin-opt=-pass-through=-lgcc_s -plugin-opt=-pass-through=-lgcc -plugin-opt=-pass-through=-lc -plugin-opt=-pass-through=-lgcc_s -plugin-opt=-pass-through=-lgcc --build-id --eh-frame-hdr -m elf_x86_64 -dynamic-linker /lib64/ld-linux-x86-64.so.2 -o cmTC_f9dc1 /usr/lib64/gcc/x86_64-suse-linux/12/../../../../lib64/crt1.o /usr/lib64/gcc/x86_64-suse-linux/12/../../../../lib64/crti.o /usr/lib64/gcc/x86_64-suse-linux/12/crtbegin.o -L/usr/lib64/gcc/x86_64-suse-linux/12 -L/usr/lib64/gcc/x86_64-suse-linux/12/../../../../lib64 -L/lib/../lib64 -L/usr/lib/../lib64 -L/usr/lib64/gcc/x86_64-suse-linux/12/../../../../x86_64-suse-linux/lib -L/usr/lib64/gcc/x86_64-suse-linux/12/../../.. CMakeFiles/cmTC_f9dc1.dir/CMakeCXXCompilerABI.cpp.o -lstdc++ -lm -lgcc_s -lgcc -lc -lgcc_s -lgcc /usr/lib64/gcc/x86_64-suse-linux/12/crtend.o /usr/lib64/gcc/x86_64-suse-linux/12/../../../../lib64/crtn.o
COLLECT_GCC_OPTIONS='-v' '-o' 'cmTC_f9dc1' '-shared-libgcc' '-mtune=generic' '-march=x86-64' '-dumpdir' 'cmTC_f9dc1.'
gmake[1]: Leaving directory '/home/laust/soface/soface-assignment-1/build/CMakeFiles/CMakeScratch/TryCompile-wzOzEs'



Parsed CXX implicit include dir info from above output: rv=done
  found start of include info
  found start of implicit include info
    add: [/usr/include/c++/12]
    add: [/usr/include/c++/12/x86_64-suse-linux]
    add: [/usr/include/c++/12/backward]
    add: [/usr/lib64/gcc/x86_64-suse-linux/12/include]
    add: [/usr/local/include]
    add: [/usr/lib64/gcc/x86_64-suse-linux/12/include-fixed]
    add: [/usr/lib64/gcc/x86_64-suse-linux/12/../../../../x86_64-suse-linux/include]
    add: [/usr/include]
  end of search list found
  collapse include dir [/usr/include/c++/12] ==> [/usr/include/c++/12]
  collapse include dir [/usr/include/c++/12/x86_64-suse-linux] ==> [/usr/include/c++/12/x86_64-suse-linux]
  collapse include dir [/usr/include/c++/12/backward] ==> [/usr/include/c++/12/backward]
  collapse include dir [/usr/lib64/gcc/x86_64-suse-linux/12/include] ==> [/usr/lib64/gcc/x86_64-suse-linux/12/include]
  collapse include dir [/usr/local/include] ==> [/usr/local/include]
  collapse include dir [/usr/lib64/gcc/x86_64-suse-linux/12/include-fixed] ==> [/usr/lib64/gcc/x86_64-suse-linux/12/include-fixed]
  collapse include dir [/usr/lib64/gcc/x86_64-suse-linux/12/../../../../x86_64-suse-linux/include] ==> [/usr/x86_64-suse-linux/include]
  collapse include dir [/usr/include] ==> [/usr/include]
  implicit include dirs: [/usr/include/c++/12;/usr/include/c++/12/x86_64-suse-linux;/usr/include/c++/12/backward;/usr/lib64/gcc/x86_64-suse-linux/12/include;/usr/local/include;/usr/lib64/gcc/x86_64-suse-linux/12/include-fixed;/usr/x86_64-suse-linux/include;/usr/include]


Parsed CXX implicit link information from above output:
  link line regex: [^( *|.*[/\])(ld|CMAKE_LINK_STARTFILE-NOTFOUND|([^/\]+-)?ld|collect2)[^/\]*( |$)]
  ignore line: [Change Dir: /home/laust/soface/soface-assignment-1/build/CMakeFiles/CMakeScratch/TryCompile-wzOzEs]
  ignore line: []
  ignore line: [Run Build Command(s):/usr/bin/gmake -f Makefile cmTC_f9dc1/fast && /usr/bin/gmake  -f CMakeFiles/cmTC_f9dc1.dir/build.make CMakeFiles/cmTC_f9dc1.dir/build]
  ignore line: [gmake[1]: Entering directory '/home/laust/soface/soface-assignment-1/build/CMakeFiles/CMakeScratch/TryCompile-wzOzEs']
  ignore line: [Building CXX object CMakeFiles/cmTC_f9dc1.dir/CMakeCXXCompilerABI.cpp.o]
  ignore line: [/usr/bin/g++   -v -o CMakeFiles/cmTC_f9dc1.dir/CMakeCXXCompilerABI.cpp.o -c /usr/share/cmake/Modules/CMakeCXXCompilerABI.cpp]
  ignore line: [Using built-in specs.]
  ignore line: [COLLECT_GCC=/usr/bin/g++]
  ignore line: [OFFLOAD_TARGET_NAMES=nvptx-none:amdgcn-amdhsa]
  ignore line: [OFFLOAD_TARGET_DEFAULT=1]
  ignore line: [Target: x86_64-suse-linux]
  ignore line: [Configured with: ../configure --prefix=/usr --infodir=/usr/share/info --mandir=/usr/share/man --libdir=/usr/lib64 --libexecdir=/usr/lib64 --enable-languages=c c++ objc fortran obj-c++ ada go d jit --enable-offload-targets=nvptx-none amdgcn-amdhsa  --enable-offload-defaulted --without-cuda-driver --enable-host-shared --enable-checking=release --disable-werror --with-gxx-include-dir=/usr/include/c++/12 --enable-ssp --disable-libssp --disable-libvtv --enable-cet=auto --disable-libcc1 --enable-plugin --with-bugurl=https://bugs.opensuse.org/ --with-pkgversion='SUSE Linux' --with-slibdir=/lib64 --with-system-zlib --enable-libstdcxx-allocator=new --disable-libstdcxx-pch --enable-libphobos --enable-version-specific-runtime-libs --with-gcc-major-version-only --enable-linker-build-id --enable-linux-futex --enable-gnu-indirect-function --program-suffix=-12 --without-system-libunwind --enable-multilib --with-arch-32=x86-64 --with-tune=generic --with-build-config=bootstrap-lto-lean --enable-link-mutex --build=x86_64-suse-linux --host=x86_64-suse-linux]
  ignore line: [Thread model: posix]
  ignore line: [Supported LTO compression algorithms: zlib zstd]
  ignore line: [gcc version 12.2.1 20230124 [revision 193f7e62815b4089dfaed4c2bd34fd4f10209e27] (SUSE Linux) ]
  ignore line: [COLLECT_GCC_OPTIONS='-v' '-o' 'CMakeFiles/cmTC_f9dc1.dir/CMakeCXXCompilerABI.cpp.o' '-c' '-shared-libgcc' '-mtune=generic' '-march=x86-64' '-dumpdir' 'CMakeFiles/cmTC_f9dc1.dir/']
  ignore line: [ /usr/lib64/gcc/x86_64-suse-linux/12/cc1plus -quiet -v -D_GNU_SOURCE /usr/share/cmake/Modules/CMakeCXXCompilerABI.cpp -quiet -dumpdir CMakeFiles/cmTC_f9dc1.dir/ -dumpbase CMakeCXXCompilerABI.cpp.cpp -dumpbase-ext .cpp -mtune=generic -march=x86-64 -version -o /tmp/cc9Y8bJ1.s]
  ignore line: [GNU C++17 (SUSE Linux) version 12.2.1 20230124 [revision 193f7e62815b4089dfaed4c2bd34fd4f10209e27] (x86_64-suse-linux)]
  ignore line: [	compiled by GNU C version 12.2.1 20230124 [revision 193f7e62815b4089dfaed4c2bd34fd4f10209e27]  GMP version 6.2.1  MPFR version 4.1.1-p1  MPC version 1.3.1  isl version isl-0.25-GMP]
  ignore line: []
  ignore line: [GGC heuristics: --param ggc-min-expand=100 --param ggc-min-heapsize=131072]
  ignore line: [#include "..." search starts here:]
  ignore line: [#include <...> search starts here:]
  ignore line: [ /usr/include/c++/12]
  ignore line: [ /usr/include/c++/12/x86_64-suse-linux]
  ignore line: [ /usr/include/c++/12/backward]
  ignore line: [ /usr/lib64/gcc/x86_64-suse-linux/12/include]
  ignore line: [ /usr/local/include]
  ignore line: [ /usr/lib64/gcc/x86_64-suse-linux/12/include-fixed]
  ignore line: [ /usr/lib64/gcc/x86_64-suse-linux/12/../../../../x86_64-suse-linux/include]
  ignore line: [ /usr/include]
  ignore line: [End of search list.]
  ignore line: [GNU C++17 (SUSE Linux) version 12.2.1 20230124 [revision 193f7e62815b4089dfaed4c2bd34fd4f10209e27] (x86_64-suse-linux)]
  ignore line: [	compiled by GNU C version 12.2.1 20230124 [revision 193f7e62815b4089dfaed4c2bd34fd4f10209e27]  GMP version 6.2.1  MPFR version 4.1.1-p1  MPC version 1.3.1  isl version isl-0.25-GMP]
  ignore line: []
  ignore line: [GGC heuristics: --param ggc-min-expand=100 --param ggc-min-heapsize=131072]
  ignore line: [Compiler executable checksum: 00000000000000000000000000000000]
  ignore line: [COLLECT_GCC_OPTIONS='-v' '-o' 'CMakeFiles/cmTC_f9dc1.dir/CMakeCXXCompilerABI.cpp.o' '-c' '-shared-libgcc' '-mtune=generic' '-march=x86-64' '-dumpdir' 'CMakeFiles/cmTC_f9dc1.dir/']
  ignore line: [ /usr/lib64/gcc/x86_64-suse-linux/12/../../../../x86_64-suse-linux/bin/as -v --64 -o CMakeFiles/cmTC_f9dc1.dir/CMakeCXXCompilerABI.cpp.o /tmp/cc9Y8bJ1.s]
  ignore line: [GNU assembler version 2.39.0 (x86_64-suse-linux) using BFD version (GNU Binutils]
  ignore line: [ openSUSE Tumbleweed) 2.39.0.20220810-3]
  ignore line: [COMPILER_PATH=/usr/lib64/gcc/x86_64-suse-linux/12/:/usr/lib64/gcc/x86_64-suse-linux/12/:/usr/lib64/gcc/x86_64-suse-linux/:/usr/lib64/gcc/x86_64-suse-linux/12/:/usr/lib64/gcc/x86_64-suse-linux/:/usr/lib64/gcc/x86_64-suse-linux/12/../../../../x86_64-suse-linux/bin/]
  ignore line: [LIBRARY_PATH=/usr/lib64/gcc/x86_64-suse-linux/12/:/usr/lib64/gcc/x86_64-suse-linux/12/../../../../lib64/:/lib/../lib64/:/usr/lib/../lib64/:/usr/lib64/gcc/x86_64-suse-linux/12/../../../../x86_64-suse-linux/lib/:/usr/lib64/gcc/x86_64-suse-linux/12/../../../:/lib/:/usr/lib/]
  ignore line: [COLLECT_GCC_OPTIONS='-v' '-o' 'CMakeFiles/cmTC_f9dc1.dir/CMakeCXXCompilerABI.cpp.o' '-c' '-shared-libgcc' '-mtune=generic' '-march=x86-64' '-dumpdir' 'CMakeFiles/cmTC_f9dc1.dir/CMakeCXXCompilerABI.cpp.']
  ignore line: [Linking CXX executable cmTC_f9dc1]
  ignore line: [/usr/bin/cmake -E cmake_link_script CMakeFiles/cmTC_f9dc1.dir/link.txt --verbose=1]
  ignore line: [/usr/bin/g++  -v CMakeFiles/cmTC_f9dc1.dir/CMakeCXXCompilerABI.cpp.o -o cmTC_f9dc1 ]
  ignore line: [Using built-in specs.]
  ignore line: [COLLECT_GCC=/usr/bin/g++]
  ignore line: [COLLECT_LTO_WRAPPER=/usr/lib64/gcc/x86_64-suse-linux/12/lto-wrapper]
  ignore line: [OFFLOAD_TARGET_NAMES=nvptx-none:amdgcn-amdhsa]
  ignore line: [OFFLOAD_TARGET_DEFAULT=1]
  ignore line: [Target: x86_64-suse-linux]
  ignore line: [Configured with: ../configure --prefix=/usr --infodir=/usr/share/info --mandir=/usr/share/man --libdir=/usr/lib64 --libexecdir=/usr/lib64 --enable-languages=c c++ objc fortran obj-c++ ada go d jit --enable-offload-targets=nvptx-none amdgcn-amdhsa  --enable-offload-defaulted --without-cuda-driver --enable-host-shared --enable-checking=release --disable-werror --with-gxx-include-dir=/usr/include/c++/12 --enable-ssp --disable-libssp --disable-libvtv --enable-cet=auto --disable-libcc1 --enable-plugin --with-bugurl=https://bugs.opensuse.org/ --with-pkgversion='SUSE Linux' --with-slibdir=/lib64 --with-system-zlib --enable-libstdcxx-allocator=new --disable-libstdcxx-pch --enable-libphobos --enable-version-specific-runtime-libs --with-gcc-major-version-only --enable-linker-build-id --enable-linux-futex --enable-gnu-indirect-function --program-suffix=-12 --without-system-libunwind --enable-multilib --with-arch-32=x86-64 --with-tune=generic --with-build-config=bootstrap-lto-lean --enable-link-mutex --build=x86_64-suse-linux --host=x86_64-suse-linux]
  ignore line: [Thread model: posix]
  ignore line: [Supported LTO compression algorithms: zlib zstd]
  ignore line: [gcc version 12.2.1 20230124 [revision 193f7e62815b4089dfaed4c2bd34fd4f10209e27] (SUSE Linux) ]
  ignore line: [COMPILER_PATH=/usr/lib64/gcc/x86_64-suse-linux/12/:/usr/lib64/gcc/x86_64-suse-linux/12/:/usr/lib64/gcc/x86_64-suse-linux/:/usr/lib64/gcc/x86_64-suse-linux/12/:/usr/lib64/gcc/x86_64-suse-linux/:/usr/lib64/gcc/x86_64-suse-linux/12/../../../../x86_64-suse-linux/bin/]
  ignore line: [LIBRARY_PATH=/usr/lib64/gcc/x86_64-suse-linux/12/:/usr/lib64/gcc/x86_64-suse-linux/12/../../../../lib64/:/lib/../lib64/:/usr/lib/../lib64/:/usr/lib64/gcc/x86_64-suse-linux/12/../../../../x86_64-suse-linux/lib/:/usr/lib64/gcc/x86_64-suse-linux/12/../../../:/lib/:/usr/lib/]
  ignore line: [COLLECT_GCC_OPTIONS='-v' '-o' 'cmTC_f9dc1' '-shared-libgcc' '-mtune=generic' '-march=x86-64' '-dumpdir' 'cmTC_f9dc1.']
  link line: [ /usr/lib64/gcc/x86_64-suse-linux/12/collect2 -plugin /usr/lib64/gcc/x86_64-suse-linux/12/liblto_plugin.so -plugin-opt=/usr/lib64/gcc/x86_64-suse-linux/12/lto-wrapper -plugin-opt=-fresolution=/tmp/ccyPsD91.res -plugin-opt=-pass-through=-lgcc_s -plugin-opt=-pass-through=-lgcc -plugin-opt=-pass-through=-lc -plugin-opt=-pass-through=-lgcc_s -plugin-opt=-pass-through=-lgcc --build-id --eh-frame-hdr -m elf_x86_64 -dynamic-linker /lib64/ld-linux-x86-64.so.2 -o cmTC_f9dc1 /usr/lib64/gcc/x86_64-suse-linux/12/../../../../lib64/crt1.o /usr/lib64/gcc/x86_64-suse-linux/12/../../../../lib64/crti.o /usr/lib64/gcc/x86_64-suse-linux/12/crtbegin.o -L/usr/lib64/gcc/x86_64-suse-linux/12 -L/usr/lib64/gcc/x86_64-suse-linux/12/../../../../lib64 -L/lib/../lib64 -L/usr/lib/../lib64 -L/usr/lib64/gcc/x86_64-suse-linux/12/../../../../x86_64-suse-linux/lib -L/usr/lib64/gcc/x86_64-suse-linux/12/../../.. CMakeFiles/cmTC_f9dc1.dir/CMakeCXXCompilerABI.cpp.o -lstdc++ -lm -lgcc_s -lgcc -lc -lgcc_s -lgcc /usr/lib64/gcc/x86_64-suse-linux/12/crtend.o /usr/lib64/gcc/x86_64-suse-linux/12/../../../../lib64/crtn.o]
    arg [/usr/lib64/gcc/x86_64-suse-linux/12/collect2] ==> ignore
    arg [-plugin] ==> ignore
    arg [/usr/lib64/gcc/x86_64-suse-linux/12/liblto_plugin.so] ==> ignore
    arg [-plugin-opt=/usr/lib64/gcc/x86_64-suse-linux/12/lto-wrapper] ==> ignore
    arg [-plugin-opt=-fresolution=/tmp/ccyPsD91.res] ==> ignore
    arg [-plugin-opt=-pass-through=-lgcc_s] ==> ignore
    arg [-plugin-opt=-pass-through=-lgcc] ==> ignore
    arg [-plugin-opt=-pass-through=-lc] ==> ignore
    arg [-plugin-opt=-pass-through=-lgcc_s] ==> ignore
    arg [-plugin-opt=-pass-through=-lgcc] ==> ignore
    arg [--build-id] ==> ignore
    arg [--eh-frame-hdr] ==> ignore
    arg [-m] ==> ignore
    arg [elf_x86_64] ==> ignore
    arg [-dynamic-linker] ==> ignore
    arg [/lib64/ld-linux-x86-64.so.2] ==> ignore
    arg [-o] ==> ignore
    arg [cmTC_f9dc1] ==> ignore
    arg [/usr/lib64/gcc/x86_64-suse-linux/12/../../../../lib64/crt1.o] ==> obj [/usr/lib64/gcc/x86_64-suse-linux/12/../../../../lib64/crt1.o]
    arg [/usr/lib64/gcc/x86_64-suse-linux/12/../../../../lib64/crti.o] ==> obj [/usr/lib64/gcc/x86_64-suse-linux/12/../../../../lib64/crti.o]
    arg [/usr/lib64/gcc/x86_64-suse-linux/12/crtbegin.o] ==> obj [/usr/lib64/gcc/x86_64-suse-linux/12/crtbegin.o]
    arg [-L/usr/lib64/gcc/x86_64-suse-linux/12] ==> dir [/usr/lib64/gcc/x86_64-suse-linux/12]
    arg [-L/usr/lib64/gcc/x86_64-suse-linux/12/../../../../lib64] ==> dir [/usr/lib64/gcc/x86_64-suse-linux/12/../../../../lib64]
    arg [-L/lib/../lib64] ==> dir [/lib/../lib64]
    arg [-L/usr/lib/../lib64] ==> dir [/usr/lib/../lib64]
    arg [-L/usr/lib64/gcc/x86_64-suse-linux/12/../../../../x86_64-suse-linux/lib] ==> dir [/usr/lib64/gcc/x86_64-suse-linux/12/../../../../x86_64-suse-linux/lib]
    arg [-L/usr/lib64/gcc/x86_64-suse-linux/12/../../..] ==> dir [/usr/lib64/gcc/x86_64-suse-linux/12/../../..]
    arg [CMakeFiles/cmTC_f9dc1.dir/CMakeCXXCompilerABI.cpp.o] ==> ignore
    arg [-lstdc++] ==> lib [stdc++]
    arg [-lm] ==> lib [m]
    arg [-lgcc_s] ==> lib [gcc_s]
    arg [-lgcc] ==> lib [gcc]
    arg [-lc] ==> lib [c]
    arg [-lgcc_s] ==> lib [gcc_s]
    arg [-lgcc] ==> lib [gcc]
    arg [/usr/lib64/gcc/x86_64-suse-linux/12/crtend.o] ==> obj [/usr/lib64/gcc/x86_64-suse-linux/12/crtend.o]
    arg [/usr/lib64/gcc/x86_64-suse-linux/12/../../../../lib64/crtn.o] ==> obj [/usr/lib64/gcc/x86_64-suse-linux/12/../../../../lib64/crtn.o]
  collapse obj [/usr/lib64/gcc/x86_64-suse-linux/12/../../../../lib64/crt1.o] ==> [/usr/lib64/crt1.o]
  collapse obj [/usr/lib64/gcc/x86_64-suse-linux/12/../../../../lib64/crti.o] ==> [/usr/lib64/crti.o]
  collapse obj [/usr/lib64/gcc/x86_64-suse-linux/12/../../../../lib64/crtn.o] ==> [/usr/lib64/crtn.o]
  collapse library dir [/usr/lib64/gcc/x86_64-suse-linux/12] ==> [/usr/lib64/gcc/x86_64-suse-linux/12]
  collapse library dir [/usr/lib64/gcc/x86_64-suse-linux/12/../../../../lib64] ==> [/usr/lib64]
  collapse library dir [/lib/../lib64] ==> [/lib64]
  collapse library dir [/usr/lib/../lib64] ==> [/usr/lib64]
  collapse library dir [/usr/lib64/gcc/x86_64-suse-linux/12/../../../../x86_64-suse-linux/lib] ==> [/usr/x86_64-suse-linux/lib]
  collapse library dir [/usr/lib64/gcc/x86_64-suse-linux/12/../../..] ==> [/usr/lib64]
  implicit libs: [stdc++;m;gcc_s;gcc;c;gcc_s;gcc]
  implicit objs: [/usr/lib64/crt1.o;/usr/lib64/crti.o;/usr/lib64/gcc/x86_64-suse-linux/12/crtbegin.o;/usr/lib64/gcc/x86_64-suse-linux/12/crtend.o;/usr/lib64/crtn.o]
  implicit dirs: [/usr/lib64/gcc/x86_64-suse-linux/12;/usr/lib64;/lib64;/usr/x86_64-suse-linux/lib]
  implicit fwks: []


The system is: Windows - 10.0.22000 - AMD64
Compiling the C compiler identification source file "CMakeCCompilerId.c" succeeded.
Compiler: C:/MinGW/bin/gcc.exe 
Build flags: 
Id flags:  

The output was:
0


Compilation of the C compiler identification source "CMakeCCompilerId.c" produced "a.exe"

The C compiler identification is GNU, found in "C:/C C++/2. semester/Softwarearchietecture/assignments/soface-assignment-1/build/CMakeFiles/3.24.2/CompilerIdC/a.exe"

Compiling the CXX compiler identification source file "CMakeCXXCompilerId.cpp" succeeded.
Compiler: C:/MinGW/bin/g++.exe 
Build flags: 
Id flags:  

The output was:
0


Compilation of the CXX compiler identification source "CMakeCXXCompilerId.cpp" produced "a.exe"

The CXX compiler identification is GNU, found in "C:/C C++/2. semester/Softwarearchietecture/assignments/soface-assignment-1/build/CMakeFiles/3.24.2/CompilerIdCXX/a.exe"

Detecting C compiler ABI info compiled with the following output:
Change Dir: C:/C C++/2. semester/Softwarearchietecture/assignments/soface-assignment-1/build/CMakeFiles/CMakeTmp

Run Build Command(s):C:/MinGW/bin/mingw32-make.exe -f Makefile cmTC_ccd47/fast && C:/MinGW/bin/mingw32-make.exe  -f CMakeFiles\cmTC_ccd47.dir\build.make CMakeFiles/cmTC_ccd47.dir/build
mingw32-make.exe[1]: Entering directory 'C:/C C++/2. semester/Softwarearchietecture/assignments/soface-assignment-1/build/CMakeFiles/CMakeTmp'
Building C object CMakeFiles/cmTC_ccd47.dir/CMakeCCompilerABI.c.obj
C:\MinGW\bin\gcc.exe   -v -o CMakeFiles\cmTC_ccd47.dir\CMakeCCompilerABI.c.obj -c "C:\Program Files\CMake\share\cmake-3.24\Modules\CMakeCCompilerABI.c"
Using built-in specs.
COLLECT_GCC=C:\MinGW\bin\gcc.exe
Target: mingw32
Configured with: ../src/gcc-6.3.0/configure --build=x86_64-pc-linux-gnu --host=mingw32 --target=mingw32 --with-gmp=/mingw --with-mpfr --with-mpc=/mingw --with-isl=/mingw --prefix=/mingw --disable-win32-registry --with-arch=i586 --with-tune=generic --enable-languages=c,c++,objc,obj-c++,fortran,ada --with-pkgversion='MinGW.org GCC-6.3.0-1' --enable-static --enable-shared --enable-threads --with-dwarf2 --disable-sjlj-exceptions --enable-version-specific-runtime-libs --with-libiconv-prefix=/mingw --with-libintl-prefix=/mingw --enable-libstdcxx-debug --enable-libgomp --disable-libvtv --enable-nls
Thread model: win32
gcc version 6.3.0 (MinGW.org GCC-6.3.0-1) 
COLLECT_GCC_OPTIONS='-v' '-o' 'CMakeFiles\cmTC_ccd47.dir\CMakeCCompilerABI.c.obj' '-c' '-mtune=generic' '-march=i586'
 c:/mingw/bin/../libexec/gcc/mingw32/6.3.0/cc1.exe -quiet -v -iprefix c:\mingw\bin\../lib/gcc/mingw32/6.3.0/ C:\Program Files\CMake\share\cmake-3.24\Modules\CMakeCCompilerABI.c -quiet -dumpbase CMakeCCompilerABI.c -mtune=generic -march=i586 -auxbase-strip CMakeFiles\cmTC_ccd47.dir\CMakeCCompilerABI.c.obj -version -o C:\Users\simon\AppData\Local\Temp\ccBmaEPK.s
GNU C11 (MinGW.org GCC-6.3.0-1) version 6.3.0 (mingw32)
	compiled by GNU C version 6.3.0, GMP version 6.1.2, MPFR version 3.1.5, MPC version 1.0.3, isl version 0.15
GGC heuristics: --param ggc-min-expand=100 --param ggc-min-heapsize=131072
ignoring nonexistent directory "c:\mingw\bin\../lib/gcc/mingw32/6.3.0/../../../../mingw32/include"
ignoring duplicate directory "c:/mingw/lib/gcc/../../lib/gcc/mingw32/6.3.0/include"
ignoring duplicate directory "/mingw/lib/gcc/mingw32/6.3.0/../../../../include"
ignoring duplicate directory "c:/mingw/lib/gcc/../../include"
ignoring duplicate directory "c:/mingw/lib/gcc/../../lib/gcc/mingw32/6.3.0/include-fixed"
ignoring nonexistent directory "c:/mingw/lib/gcc/../../lib/gcc/mingw32/6.3.0/../../../../mingw32/include"
ignoring duplicate directory "/mingw/include"
#include "..." search starts here:
#include <...> search starts here:
 c:\mingw\bin\../lib/gcc/mingw32/6.3.0/include
 c:\mingw\bin\../lib/gcc/mingw32/6.3.0/../../../../include
 c:\mingw\bin\../lib/gcc/mingw32/6.3.0/include-fixed
End of search list.
GNU C11 (MinGW.org GCC-6.3.0-1) version 6.3.0 (mingw32)
	compiled by GNU C version 6.3.0, GMP version 6.1.2, MPFR version 3.1.5, MPC version 1.0.3, isl version 0.15
GGC heuristics: --param ggc-min-expand=100 --param ggc-min-heapsize=131072
Compiler executable checksum: 384cad586f05ed581a9c068b2f18b408
COLLECT_GCC_OPTIONS='-v' '-o' 'CMakeFiles\cmTC_ccd47.dir\CMakeCCompilerABI.c.obj' '-c' '-mtune=generic' '-march=i586'
 c:/mingw/bin/../lib/gcc/mingw32/6.3.0/../../../../mingw32/bin/as.exe -v -o CMakeFiles\cmTC_ccd47.dir\CMakeCCompilerABI.c.obj C:\Users\simon\AppData\Local\Temp\ccBmaEPK.s
GNU assembler version 2.28 (mingw32) using BFD version (GNU Binutils) 2.28
COMPILER_PATH=c:/mingw/bin/../libexec/gcc/mingw32/6.3.0/;c:/mingw/bin/../libexec/gcc/;c:/mingw/bin/../lib/gcc/mingw32/6.3.0/../../../../mingw32/bin/
LIBRARY_PATH=c:/mingw/bin/../lib/gcc/mingw32/6.3.0/;c:/mingw/bin/../lib/gcc/;c:/mingw/bin/../lib/gcc/mingw32/6.3.0/../../../../mingw32/lib/;c:/mingw/bin/../lib/gcc/mingw32/6.3.0/../../../
COLLECT_GCC_OPTIONS='-v' '-o' 'CMakeFiles\cmTC_ccd47.dir\CMakeCCompilerABI.c.obj' '-c' '-mtune=generic' '-march=i586'
Linking C executable cmTC_ccd47.exe
"C:\Program Files\CMake\bin\cmake.exe" -E cmake_link_script CMakeFiles\cmTC_ccd47.dir\link.txt --verbose=1
"C:\Program Files\CMake\bin\cmake.exe" -E rm -f CMakeFiles\cmTC_ccd47.dir/objects.a
C:\MinGW\bin\ar.exe qc CMakeFiles\cmTC_ccd47.dir/objects.a @CMakeFiles\cmTC_ccd47.dir\objects1.rsp
C:\MinGW\bin\gcc.exe  -v -Wl,--whole-archive CMakeFiles\cmTC_ccd47.dir/objects.a -Wl,--no-whole-archive -o cmTC_ccd47.exe -Wl,--out-implib,libcmTC_ccd47.dll.a -Wl,--major-image-version,0,--minor-image-version,0 
Using built-in specs.
COLLECT_GCC=C:\MinGW\bin\gcc.exe
COLLECT_LTO_WRAPPER=c:/mingw/bin/../libexec/gcc/mingw32/6.3.0/lto-wrapper.exe
Target: mingw32
Configured with: ../src/gcc-6.3.0/configure --build=x86_64-pc-linux-gnu --host=mingw32 --target=mingw32 --with-gmp=/mingw --with-mpfr --with-mpc=/mingw --with-isl=/mingw --prefix=/mingw --disable-win32-registry --with-arch=i586 --with-tune=generic --enable-languages=c,c++,objc,obj-c++,fortran,ada --with-pkgversion='MinGW.org GCC-6.3.0-1' --enable-static --enable-shared --enable-threads --with-dwarf2 --disable-sjlj-exceptions --enable-version-specific-runtime-libs --with-libiconv-prefix=/mingw --with-libintl-prefix=/mingw --enable-libstdcxx-debug --enable-libgomp --disable-libvtv --enable-nls
Thread model: win32
gcc version 6.3.0 (MinGW.org GCC-6.3.0-1) 
COMPILER_PATH=c:/mingw/bin/../libexec/gcc/mingw32/6.3.0/;c:/mingw/bin/../libexec/gcc/;c:/mingw/bin/../lib/gcc/mingw32/6.3.0/../../../../mingw32/bin/
LIBRARY_PATH=c:/mingw/bin/../lib/gcc/mingw32/6.3.0/;c:/mingw/bin/../lib/gcc/;c:/mingw/bin/../lib/gcc/mingw32/6.3.0/../../../../mingw32/lib/;c:/mingw/bin/../lib/gcc/mingw32/6.3.0/../../../
COLLECT_GCC_OPTIONS='-v' '-o' 'cmTC_ccd47.exe' '-mtune=generic' '-march=i586'
 c:/mingw/bin/../libexec/gcc/mingw32/6.3.0/collect2.exe -plugin c:/mingw/bin/../libexec/gcc/mingw32/6.3.0/liblto_plugin-0.dll -plugin-opt=c:/mingw/bin/../libexec/gcc/mingw32/6.3.0/lto-wrapper.exe -plugin-opt=-fresolution=C:\Users\simon\AppData\Local\Temp\ccrRyVKc.res -plugin-opt=-pass-through=-lmingw32 -plugin-opt=-pass-through=-lgcc -plugin-opt=-pass-through=-lgcc_eh -plugin-opt=-pass-through=-lmoldname -plugin-opt=-pass-through=-lmingwex -plugin-opt=-pass-through=-lmsvcrt -plugin-opt=-pass-through=-ladvapi32 -plugin-opt=-pass-through=-lshell32 -plugin-opt=-pass-through=-luser32 -plugin-opt=-pass-through=-lkernel32 -plugin-opt=-pass-through=-lmingw32 -plugin-opt=-pass-through=-lgcc -plugin-opt=-pass-through=-lgcc_eh -plugin-opt=-pass-through=-lmoldname -plugin-opt=-pass-through=-lmingwex -plugin-opt=-pass-through=-lmsvcrt -Bdynamic -o cmTC_ccd47.exe c:/mingw/bin/../lib/gcc/mingw32/6.3.0/../../../crt2.o c:/mingw/bin/../lib/gcc/mingw32/6.3.0/crtbegin.o -Lc:/mingw/bin/../lib/gcc/mingw32/6.3.0 -Lc:/mingw/bin/../lib/gcc -Lc:/mingw/bin/../lib/gcc/mingw32/6.3.0/../../../../mingw32/lib -Lc:/mingw/bin/../lib/gcc/mingw32/6.3.0/../../.. --whole-archive CMakeFiles\cmTC_ccd47.dir/objects.a --no-whole-archive --out-implib libcmTC_ccd47.dll.a --major-image-version 0 --minor-image-version 0 -lmingw32 -lgcc -lgcc_eh -lmoldname -lmingwex -lmsvcrt -ladvapi32 -lshell32 -luser32 -lkernel32 -lmingw32 -lgcc -lgcc_eh -lmoldname -lmingwex -lmsvcrt c:/mingw/bin/../lib/gcc/mingw32/6.3.0/crtend.o
COLLECT_GCC_OPTIONS='-v' '-o' 'cmTC_ccd47.exe' '-mtune=generic' '-march=i586'
mingw32-make.exe[1]: Leaving directory 'C:/C C++/2. semester/Softwarearchietecture/assignments/soface-assignment-1/build/CMakeFiles/CMakeTmp'



Parsed C implicit include dir info from above output: rv=done
  found start of include info
  found start of implicit include info
    add: [c:/mingw/bin/../lib/gcc/mingw32/6.3.0/include]
    add: [c:/mingw/bin/../lib/gcc/mingw32/6.3.0/../../../../include]
    add: [c:/mingw/bin/../lib/gcc/mingw32/6.3.0/include-fixed]
  end of search list found
  collapse include dir [c:/mingw/bin/../lib/gcc/mingw32/6.3.0/include] ==> [C:/MinGW/lib/gcc/mingw32/6.3.0/include]
  collapse include dir [c:/mingw/bin/../lib/gcc/mingw32/6.3.0/../../../../include] ==> [C:/MinGW/include]
  collapse include dir [c:/mingw/bin/../lib/gcc/mingw32/6.3.0/include-fixed] ==> [C:/MinGW/lib/gcc/mingw32/6.3.0/include-fixed]
  implicit include dirs: [C:/MinGW/lib/gcc/mingw32/6.3.0/include;C:/MinGW/include;C:/MinGW/lib/gcc/mingw32/6.3.0/include-fixed]


Parsed C implicit link information from above output:
  link line regex: [^( *|.*[/\])(ld\.exe|CMAKE_LINK_STARTFILE-NOTFOUND|([^/\]+-)?ld|collect2)[^/\]*( |$)]
  ignore line: [Change Dir: C:/C C++/2. semester/Softwarearchietecture/assignments/soface-assignment-1/build/CMakeFiles/CMakeTmp]
  ignore line: []
  ignore line: [Run Build Command(s):C:/MinGW/bin/mingw32-make.exe -f Makefile cmTC_ccd47/fast && C:/MinGW/bin/mingw32-make.exe  -f CMakeFiles\cmTC_ccd47.dir\build.make CMakeFiles/cmTC_ccd47.dir/build]
  ignore line: [mingw32-make.exe[1]: Entering directory 'C:/C C++/2. semester/Softwarearchietecture/assignments/soface-assignment-1/build/CMakeFiles/CMakeTmp']
  ignore line: [Building C object CMakeFiles/cmTC_ccd47.dir/CMakeCCompilerABI.c.obj]
  ignore line: [C:\MinGW\bin\gcc.exe   -v -o CMakeFiles\cmTC_ccd47.dir\CMakeCCompilerABI.c.obj -c "C:\Program Files\CMake\share\cmake-3.24\Modules\CMakeCCompilerABI.c"]
  ignore line: [Using built-in specs.]
  ignore line: [COLLECT_GCC=C:\MinGW\bin\gcc.exe]
  ignore line: [Target: mingw32]
  ignore line: [Configured with: ../src/gcc-6.3.0/configure --build=x86_64-pc-linux-gnu --host=mingw32 --target=mingw32 --with-gmp=/mingw --with-mpfr --with-mpc=/mingw --with-isl=/mingw --prefix=/mingw --disable-win32-registry --with-arch=i586 --with-tune=generic --enable-languages=c c++ objc obj-c++ fortran ada --with-pkgversion='MinGW.org GCC-6.3.0-1' --enable-static --enable-shared --enable-threads --with-dwarf2 --disable-sjlj-exceptions --enable-version-specific-runtime-libs --with-libiconv-prefix=/mingw --with-libintl-prefix=/mingw --enable-libstdcxx-debug --enable-libgomp --disable-libvtv --enable-nls]
  ignore line: [Thread model: win32]
  ignore line: [gcc version 6.3.0 (MinGW.org GCC-6.3.0-1) ]
  ignore line: [COLLECT_GCC_OPTIONS='-v' '-o' 'CMakeFiles\cmTC_ccd47.dir\CMakeCCompilerABI.c.obj' '-c' '-mtune=generic' '-march=i586']
  ignore line: [ c:/mingw/bin/../libexec/gcc/mingw32/6.3.0/cc1.exe -quiet -v -iprefix c:\mingw\bin\../lib/gcc/mingw32/6.3.0/ C:\Program Files\CMake\share\cmake-3.24\Modules\CMakeCCompilerABI.c -quiet -dumpbase CMakeCCompilerABI.c -mtune=generic -march=i586 -auxbase-strip CMakeFiles\cmTC_ccd47.dir\CMakeCCompilerABI.c.obj -version -o C:\Users\simon\AppData\Local\Temp\ccBmaEPK.s]
  ignore line: [GNU C11 (MinGW.org GCC-6.3.0-1) version 6.3.0 (mingw32)]
  ignore line: [	compiled by GNU C version 6.3.0  GMP version 6.1.2  MPFR version 3.1.5  MPC version 1.0.3  isl version 0.15]
  ignore line: [GGC heuristics: --param ggc-min-expand=100 --param ggc-min-heapsize=131072]
  ignore line: [ignoring nonexistent directory "c:\mingw\bin\../lib/gcc/mingw32/6.3.0/../../../../mingw32/include"]
  ignore line: [ignoring duplicate directory "c:/mingw/lib/gcc/../../lib/gcc/mingw32/6.3.0/include"]
  ignore line: [ignoring duplicate directory "/mingw/lib/gcc/mingw32/6.3.0/../../../../include"]
  ignore line: [ignoring duplicate directory "c:/mingw/lib/gcc/../../include"]
  ignore line: [ignoring duplicate directory "c:/mingw/lib/gcc/../../lib/gcc/mingw32/6.3.0/include-fixed"]
  ignore line: [ignoring nonexistent directory "c:/mingw/lib/gcc/../../lib/gcc/mingw32/6.3.0/../../../../mingw32/include"]
  ignore line: [ignoring duplicate directory "/mingw/include"]
  ignore line: [#include "..." search starts here:]
  ignore line: [#include <...> search starts here:]
  ignore line: [ c:\mingw\bin\../lib/gcc/mingw32/6.3.0/include]
  ignore line: [ c:\mingw\bin\../lib/gcc/mingw32/6.3.0/../../../../include]
  ignore line: [ c:\mingw\bin\../lib/gcc/mingw32/6.3.0/include-fixed]
  ignore line: [End of search list.]
  ignore line: [GNU C11 (MinGW.org GCC-6.3.0-1) version 6.3.0 (mingw32)]
  ignore line: [	compiled by GNU C version 6.3.0  GMP version 6.1.2  MPFR version 3.1.5  MPC version 1.0.3  isl version 0.15]
  ignore line: [GGC heuristics: --param ggc-min-expand=100 --param ggc-min-heapsize=131072]
  ignore line: [Compiler executable checksum: 384cad586f05ed581a9c068b2f18b408]
  ignore line: [COLLECT_GCC_OPTIONS='-v' '-o' 'CMakeFiles\cmTC_ccd47.dir\CMakeCCompilerABI.c.obj' '-c' '-mtune=generic' '-march=i586']
  ignore line: [ c:/mingw/bin/../lib/gcc/mingw32/6.3.0/../../../../mingw32/bin/as.exe -v -o CMakeFiles\cmTC_ccd47.dir\CMakeCCompilerABI.c.obj C:\Users\simon\AppData\Local\Temp\ccBmaEPK.s]
  ignore line: [GNU assembler version 2.28 (mingw32) using BFD version (GNU Binutils) 2.28]
  ignore line: [COMPILER_PATH=c:/mingw/bin/../libexec/gcc/mingw32/6.3.0/]
  ignore line: [c:/mingw/bin/../libexec/gcc/]
  ignore line: [c:/mingw/bin/../lib/gcc/mingw32/6.3.0/../../../../mingw32/bin/]
  ignore line: [LIBRARY_PATH=c:/mingw/bin/../lib/gcc/mingw32/6.3.0/]
  ignore line: [c:/mingw/bin/../lib/gcc/]
  ignore line: [c:/mingw/bin/../lib/gcc/mingw32/6.3.0/../../../../mingw32/lib/]
  ignore line: [c:/mingw/bin/../lib/gcc/mingw32/6.3.0/../../../]
  ignore line: [COLLECT_GCC_OPTIONS='-v' '-o' 'CMakeFiles\cmTC_ccd47.dir\CMakeCCompilerABI.c.obj' '-c' '-mtune=generic' '-march=i586']
  ignore line: [Linking C executable cmTC_ccd47.exe]
  ignore line: ["C:\Program Files\CMake\bin\cmake.exe" -E cmake_link_script CMakeFiles\cmTC_ccd47.dir\link.txt --verbose=1]
  ignore line: ["C:\Program Files\CMake\bin\cmake.exe" -E rm -f CMakeFiles\cmTC_ccd47.dir/objects.a]
  ignore line: [C:\MinGW\bin\ar.exe qc CMakeFiles\cmTC_ccd47.dir/objects.a @CMakeFiles\cmTC_ccd47.dir\objects1.rsp]
  ignore line: [C:\MinGW\bin\gcc.exe  -v -Wl --whole-archive CMakeFiles\cmTC_ccd47.dir/objects.a -Wl --no-whole-archive -o cmTC_ccd47.exe -Wl --out-implib libcmTC_ccd47.dll.a -Wl --major-image-version 0 --minor-image-version 0 ]
  ignore line: [Using built-in specs.]
  ignore line: [COLLECT_GCC=C:\MinGW\bin\gcc.exe]
  ignore line: [COLLECT_LTO_WRAPPER=c:/mingw/bin/../libexec/gcc/mingw32/6.3.0/lto-wrapper.exe]
  ignore line: [Target: mingw32]
  ignore line: [Configured with: ../src/gcc-6.3.0/configure --build=x86_64-pc-linux-gnu --host=mingw32 --target=mingw32 --with-gmp=/mingw --with-mpfr --with-mpc=/mingw --with-isl=/mingw --prefix=/mingw --disable-win32-registry --with-arch=i586 --with-tune=generic --enable-languages=c c++ objc obj-c++ fortran ada --with-pkgversion='MinGW.org GCC-6.3.0-1' --enable-static --enable-shared --enable-threads --with-dwarf2 --disable-sjlj-exceptions --enable-version-specific-runtime-libs --with-libiconv-prefix=/mingw --with-libintl-prefix=/mingw --enable-libstdcxx-debug --enable-libgomp --disable-libvtv --enable-nls]
  ignore line: [Thread model: win32]
  ignore line: [gcc version 6.3.0 (MinGW.org GCC-6.3.0-1) ]
  ignore line: [COMPILER_PATH=c:/mingw/bin/../libexec/gcc/mingw32/6.3.0/]
  ignore line: [c:/mingw/bin/../libexec/gcc/]
  ignore line: [c:/mingw/bin/../lib/gcc/mingw32/6.3.0/../../../../mingw32/bin/]
  ignore line: [LIBRARY_PATH=c:/mingw/bin/../lib/gcc/mingw32/6.3.0/]
  ignore line: [c:/mingw/bin/../lib/gcc/]
  ignore line: [c:/mingw/bin/../lib/gcc/mingw32/6.3.0/../../../../mingw32/lib/]
  ignore line: [c:/mingw/bin/../lib/gcc/mingw32/6.3.0/../../../]
  ignore line: [COLLECT_GCC_OPTIONS='-v' '-o' 'cmTC_ccd47.exe' '-mtune=generic' '-march=i586']
  link line: [ c:/mingw/bin/../libexec/gcc/mingw32/6.3.0/collect2.exe -plugin c:/mingw/bin/../libexec/gcc/mingw32/6.3.0/liblto_plugin-0.dll -plugin-opt=c:/mingw/bin/../libexec/gcc/mingw32/6.3.0/lto-wrapper.exe -plugin-opt=-fresolution=C:\Users\simon\AppData\Local\Temp\ccrRyVKc.res -plugin-opt=-pass-through=-lmingw32 -plugin-opt=-pass-through=-lgcc -plugin-opt=-pass-through=-lgcc_eh -plugin-opt=-pass-through=-lmoldname -plugin-opt=-pass-through=-lmingwex -plugin-opt=-pass-through=-lmsvcrt -plugin-opt=-pass-through=-ladvapi32 -plugin-opt=-pass-through=-lshell32 -plugin-opt=-pass-through=-luser32 -plugin-opt=-pass-through=-lkernel32 -plugin-opt=-pass-through=-lmingw32 -plugin-opt=-pass-through=-lgcc -plugin-opt=-pass-through=-lgcc_eh -plugin-opt=-pass-through=-lmoldname -plugin-opt=-pass-through=-lmingwex -plugin-opt=-pass-through=-lmsvcrt -Bdynamic -o cmTC_ccd47.exe c:/mingw/bin/../lib/gcc/mingw32/6.3.0/../../../crt2.o c:/mingw/bin/../lib/gcc/mingw32/6.3.0/crtbegin.o -Lc:/mingw/bin/../lib/gcc/mingw32/6.3.0 -Lc:/mingw/bin/../lib/gcc -Lc:/mingw/bin/../lib/gcc/mingw32/6.3.0/../../../../mingw32/lib -Lc:/mingw/bin/../lib/gcc/mingw32/6.3.0/../../.. --whole-archive CMakeFiles\cmTC_ccd47.dir/objects.a --no-whole-archive --out-implib libcmTC_ccd47.dll.a --major-image-version 0 --minor-image-version 0 -lmingw32 -lgcc -lgcc_eh -lmoldname -lmingwex -lmsvcrt -ladvapi32 -lshell32 -luser32 -lkernel32 -lmingw32 -lgcc -lgcc_eh -lmoldname -lmingwex -lmsvcrt c:/mingw/bin/../lib/gcc/mingw32/6.3.0/crtend.o]
    arg [c:/mingw/bin/../libexec/gcc/mingw32/6.3.0/collect2.exe] ==> ignore
    arg [-plugin] ==> ignore
    arg [c:/mingw/bin/../libexec/gcc/mingw32/6.3.0/liblto_plugin-0.dll] ==> ignore
    arg [-plugin-opt=c:/mingw/bin/../libexec/gcc/mingw32/6.3.0/lto-wrapper.exe] ==> ignore
    arg [-plugin-opt=-fresolution=C:\Users\simon\AppData\Local\Temp\ccrRyVKc.res] ==> ignore
    arg [-plugin-opt=-pass-through=-lmingw32] ==> ignore
    arg [-plugin-opt=-pass-through=-lgcc] ==> ignore
    arg [-plugin-opt=-pass-through=-lgcc_eh] ==> ignore
    arg [-plugin-opt=-pass-through=-lmoldname] ==> ignore
    arg [-plugin-opt=-pass-through=-lmingwex] ==> ignore
    arg [-plugin-opt=-pass-through=-lmsvcrt] ==> ignore
    arg [-plugin-opt=-pass-through=-ladvapi32] ==> ignore
    arg [-plugin-opt=-pass-through=-lshell32] ==> ignore
    arg [-plugin-opt=-pass-through=-luser32] ==> ignore
    arg [-plugin-opt=-pass-through=-lkernel32] ==> ignore
    arg [-plugin-opt=-pass-through=-lmingw32] ==> ignore
    arg [-plugin-opt=-pass-through=-lgcc] ==> ignore
    arg [-plugin-opt=-pass-through=-lgcc_eh] ==> ignore
    arg [-plugin-opt=-pass-through=-lmoldname] ==> ignore
    arg [-plugin-opt=-pass-through=-lmingwex] ==> ignore
    arg [-plugin-opt=-pass-through=-lmsvcrt] ==> ignore
    arg [-Bdynamic] ==> search dynamic
    arg [-o] ==> ignore
    arg [cmTC_ccd47.exe] ==> ignore
    arg [c:/mingw/bin/../lib/gcc/mingw32/6.3.0/../../../crt2.o] ==> obj [c:/mingw/bin/../lib/gcc/mingw32/6.3.0/../../../crt2.o]
    arg [c:/mingw/bin/../lib/gcc/mingw32/6.3.0/crtbegin.o] ==> obj [c:/mingw/bin/../lib/gcc/mingw32/6.3.0/crtbegin.o]
    arg [-Lc:/mingw/bin/../lib/gcc/mingw32/6.3.0] ==> dir [c:/mingw/bin/../lib/gcc/mingw32/6.3.0]
    arg [-Lc:/mingw/bin/../lib/gcc] ==> dir [c:/mingw/bin/../lib/gcc]
    arg [-Lc:/mingw/bin/../lib/gcc/mingw32/6.3.0/../../../../mingw32/lib] ==> dir [c:/mingw/bin/../lib/gcc/mingw32/6.3.0/../../../../mingw32/lib]
    arg [-Lc:/mingw/bin/../lib/gcc/mingw32/6.3.0/../../..] ==> dir [c:/mingw/bin/../lib/gcc/mingw32/6.3.0/../../..]
    arg [--whole-archive] ==> ignore
    arg [CMakeFiles\cmTC_ccd47.dir/objects.a] ==> ignore
    arg [--no-whole-archive] ==> ignore
    arg [--out-implib] ==> ignore
    arg [libcmTC_ccd47.dll.a] ==> ignore
    arg [--major-image-version] ==> ignore
    arg [0] ==> ignore
    arg [--minor-image-version] ==> ignore
    arg [0] ==> ignore
    arg [-lmingw32] ==> lib [mingw32]
    arg [-lgcc] ==> lib [gcc]
    arg [-lgcc_eh] ==> lib [gcc_eh]
    arg [-lmoldname] ==> lib [moldname]
    arg [-lmingwex] ==> lib [mingwex]
    arg [-lmsvcrt] ==> lib [msvcrt]
    arg [-ladvapi32] ==> lib [advapi32]
    arg [-lshell32] ==> lib [shell32]
    arg [-luser32] ==> lib [user32]
    arg [-lkernel32] ==> lib [kernel32]
    arg [-lmingw32] ==> lib [mingw32]
    arg [-lgcc] ==> lib [gcc]
    arg [-lgcc_eh] ==> lib [gcc_eh]
    arg [-lmoldname] ==> lib [moldname]
    arg [-lmingwex] ==> lib [mingwex]
    arg [-lmsvcrt] ==> lib [msvcrt]
    arg [c:/mingw/bin/../lib/gcc/mingw32/6.3.0/crtend.o] ==> obj [c:/mingw/bin/../lib/gcc/mingw32/6.3.0/crtend.o]
  remove lib [gcc_eh]
  remove lib [msvcrt]
  remove lib [gcc_eh]
  remove lib [msvcrt]
  collapse obj [c:/mingw/bin/../lib/gcc/mingw32/6.3.0/../../../crt2.o] ==> [C:/MinGW/lib/crt2.o]
  collapse obj [c:/mingw/bin/../lib/gcc/mingw32/6.3.0/crtbegin.o] ==> [C:/MinGW/lib/gcc/mingw32/6.3.0/crtbegin.o]
  collapse obj [c:/mingw/bin/../lib/gcc/mingw32/6.3.0/crtend.o] ==> [C:/MinGW/lib/gcc/mingw32/6.3.0/crtend.o]
  collapse library dir [c:/mingw/bin/../lib/gcc/mingw32/6.3.0] ==> [C:/MinGW/lib/gcc/mingw32/6.3.0]
  collapse library dir [c:/mingw/bin/../lib/gcc] ==> [C:/MinGW/lib/gcc]
  collapse library dir [c:/mingw/bin/../lib/gcc/mingw32/6.3.0/../../../../mingw32/lib] ==> [C:/MinGW/mingw32/lib]
  collapse library dir [c:/mingw/bin/../lib/gcc/mingw32/6.3.0/../../..] ==> [C:/MinGW/lib]
  implicit libs: [mingw32;gcc;moldname;mingwex;advapi32;shell32;user32;kernel32;mingw32;gcc;moldname;mingwex]
  implicit objs: [C:/MinGW/lib/crt2.o;C:/MinGW/lib/gcc/mingw32/6.3.0/crtbegin.o;C:/MinGW/lib/gcc/mingw32/6.3.0/crtend.o]
  implicit dirs: [C:/MinGW/lib/gcc/mingw32/6.3.0;C:/MinGW/lib/gcc;C:/MinGW/mingw32/lib;C:/MinGW/lib]
  implicit fwks: []


Detecting CXX compiler ABI info compiled with the following output:
Change Dir: C:/C C++/2. semester/Softwarearchietecture/assignments/soface-assignment-1/build/CMakeFiles/CMakeTmp

Run Build Command(s):C:/MinGW/bin/mingw32-make.exe -f Makefile cmTC_463de/fast && C:/MinGW/bin/mingw32-make.exe  -f CMakeFiles\cmTC_463de.dir\build.make CMakeFiles/cmTC_463de.dir/build
mingw32-make.exe[1]: Entering directory 'C:/C C++/2. semester/Softwarearchietecture/assignments/soface-assignment-1/build/CMakeFiles/CMakeTmp'
Building CXX object CMakeFiles/cmTC_463de.dir/CMakeCXXCompilerABI.cpp.obj
C:\MinGW\bin\g++.exe   -v -o CMakeFiles\cmTC_463de.dir\CMakeCXXCompilerABI.cpp.obj -c "C:\Program Files\CMake\share\cmake-3.24\Modules\CMakeCXXCompilerABI.cpp"
Using built-in specs.
COLLECT_GCC=C:\MinGW\bin\g++.exe
Target: mingw32
Configured with: ../src/gcc-6.3.0/configure --build=x86_64-pc-linux-gnu --host=mingw32 --with-gmp=/mingw --with-mpfr=/mingw --with-mpc=/mingw --with-isl=/mingw --prefix=/mingw --disable-win32-registry --target=mingw32 --with-arch=i586 --enable-languages=c,c++,objc,obj-c++,fortran,ada --with-pkgversion='MinGW.org GCC-6.3.0-1' --enable-static --enable-shared --enable-threads --with-dwarf2 --disable-sjlj-exceptions --enable-version-specific-runtime-libs --with-libiconv-prefix=/mingw --with-libintl-prefix=/mingw --enable-libstdcxx-debug --with-tune=generic --enable-libgomp --disable-libvtv --enable-nls
Thread model: win32
gcc version 6.3.0 (MinGW.org GCC-6.3.0-1) 
COLLECT_GCC_OPTIONS='-v' '-o' 'CMakeFiles\cmTC_463de.dir\CMakeCXXCompilerABI.cpp.obj' '-c' '-shared-libgcc' '-mtune=generic' '-march=i586'
 c:/mingw/bin/../libexec/gcc/mingw32/6.3.0/cc1plus.exe -quiet -v -iprefix c:\mingw\bin\../lib/gcc/mingw32/6.3.0/ C:\Program Files\CMake\share\cmake-3.24\Modules\CMakeCXXCompilerABI.cpp -quiet -dumpbase CMakeCXXCompilerABI.cpp -mtune=generic -march=i586 -auxbase-strip CMakeFiles\cmTC_463de.dir\CMakeCXXCompilerABI.cpp.obj -version -o C:\Users\simon\AppData\Local\Temp\ccARh4vL.s
GNU C++14 (MinGW.org GCC-6.3.0-1) version 6.3.0 (mingw32)
	compiled by GNU C version 6.3.0, GMP version 6.1.2, MPFR version 3.1.5, MPC version 1.0.2, isl version 0.15
warning: MPC header version 1.0.2 differs from library version 1.0.3.
GGC heuristics: --param ggc-min-expand=100 --param ggc-min-heapsize=131072
ignoring nonexistent directory "c:\mingw\bin\../lib/gcc/mingw32/6.3.0/../../../../mingw32/include"
ignoring duplicate directory "c:/mingw/lib/gcc/../../lib/gcc/mingw32/6.3.0/include/c++"
ignoring duplicate directory "c:/mingw/lib/gcc/../../lib/gcc/mingw32/6.3.0/include/c++/mingw32"
ignoring duplicate directory "c:/mingw/lib/gcc/../../lib/gcc/mingw32/6.3.0/include/c++/backward"
ignoring duplicate directory "c:/mingw/lib/gcc/../../lib/gcc/mingw32/6.3.0/include"
ignoring duplicate directory "/mingw/lib/gcc/mingw32/6.3.0/../../../../include"
ignoring duplicate directory "c:/mingw/lib/gcc/../../include"
ignoring duplicate directory "c:/mingw/lib/gcc/../../lib/gcc/mingw32/6.3.0/include-fixed"
ignoring nonexistent directory "c:/mingw/lib/gcc/../../lib/gcc/mingw32/6.3.0/../../../../mingw32/include"
ignoring duplicate directory "/mingw/include"
#include "..." search starts here:
#include <...> search starts here:
 c:\mingw\bin\../lib/gcc/mingw32/6.3.0/include/c++
 c:\mingw\bin\../lib/gcc/mingw32/6.3.0/include/c++/mingw32
 c:\mingw\bin\../lib/gcc/mingw32/6.3.0/include/c++/backward
 c:\mingw\bin\../lib/gcc/mingw32/6.3.0/include
 c:\mingw\bin\../lib/gcc/mingw32/6.3.0/../../../../include
 c:\mingw\bin\../lib/gcc/mingw32/6.3.0/include-fixed
End of search list.
GNU C++14 (MinGW.org GCC-6.3.0-1) version 6.3.0 (mingw32)
	compiled by GNU C version 6.3.0, GMP version 6.1.2, MPFR version 3.1.5, MPC version 1.0.2, isl version 0.15
warning: MPC header version 1.0.2 differs from library version 1.0.3.
GGC heuristics: --param ggc-min-expand=100 --param ggc-min-heapsize=131072
Compiler executable checksum: af09a87986453bf79da3565f33c7648f
COLLECT_GCC_OPTIONS='-v' '-o' 'CMakeFiles\cmTC_463de.dir\CMakeCXXCompilerABI.cpp.obj' '-c' '-shared-libgcc' '-mtune=generic' '-march=i586'
 c:/mingw/bin/../lib/gcc/mingw32/6.3.0/../../../../mingw32/bin/as.exe -v -o CMakeFiles\cmTC_463de.dir\CMakeCXXCompilerABI.cpp.obj C:\Users\simon\AppData\Local\Temp\ccARh4vL.s
GNU assembler version 2.28 (mingw32) using BFD version (GNU Binutils) 2.28
COMPILER_PATH=c:/mingw/bin/../libexec/gcc/mingw32/6.3.0/;c:/mingw/bin/../libexec/gcc/;c:/mingw/bin/../lib/gcc/mingw32/6.3.0/../../../../mingw32/bin/
LIBRARY_PATH=c:/mingw/bin/../lib/gcc/mingw32/6.3.0/;c:/mingw/bin/../lib/gcc/;c:/mingw/bin/../lib/gcc/mingw32/6.3.0/../../../../mingw32/lib/;c:/mingw/bin/../lib/gcc/mingw32/6.3.0/../../../
COLLECT_GCC_OPTIONS='-v' '-o' 'CMakeFiles\cmTC_463de.dir\CMakeCXXCompilerABI.cpp.obj' '-c' '-shared-libgcc' '-mtune=generic' '-march=i586'
Linking CXX executable cmTC_463de.exe
"C:\Program Files\CMake\bin\cmake.exe" -E cmake_link_script CMakeFiles\cmTC_463de.dir\link.txt --verbose=1
"C:\Program Files\CMake\bin\cmake.exe" -E rm -f CMakeFiles\cmTC_463de.dir/objects.a
C:\MinGW\bin\ar.exe qc CMakeFiles\cmTC_463de.dir/objects.a @CMakeFiles\cmTC_463de.dir\objects1.rsp
C:\MinGW\bin\g++.exe  -v -Wl,--whole-archive CMakeFiles\cmTC_463de.dir/objects.a -Wl,--no-whole-archive -o cmTC_463de.exe -Wl,--out-implib,libcmTC_463de.dll.a -Wl,--major-image-version,0,--minor-image-version,0 
Using built-in specs.
COLLECT_GCC=C:\MinGW\bin\g++.exe
COLLECT_LTO_WRAPPER=c:/mingw/bin/../libexec/gcc/mingw32/6.3.0/lto-wrapper.exe
Target: mingw32
Configured with: ../src/gcc-6.3.0/configure --build=x86_64-pc-linux-gnu --host=mingw32 --with-gmp=/mingw --with-mpfr=/mingw --with-mpc=/mingw --with-isl=/mingw --prefix=/mingw --disable-win32-registry --target=mingw32 --with-arch=i586 --enable-languages=c,c++,objc,obj-c++,fortran,ada --with-pkgversion='MinGW.org GCC-6.3.0-1' --enable-static --enable-shared --enable-threads --with-dwarf2 --disable-sjlj-exceptions --enable-version-specific-runtime-libs --with-libiconv-prefix=/mingw --with-libintl-prefix=/mingw --enable-libstdcxx-debug --with-tune=generic --enable-libgomp --disable-libvtv --enable-nls
Thread model: win32
gcc version 6.3.0 (MinGW.org GCC-6.3.0-1) 
COMPILER_PATH=c:/mingw/bin/../libexec/gcc/mingw32/6.3.0/;c:/mingw/bin/../libexec/gcc/;c:/mingw/bin/../lib/gcc/mingw32/6.3.0/../../../../mingw32/bin/
LIBRARY_PATH=c:/mingw/bin/../lib/gcc/mingw32/6.3.0/;c:/mingw/bin/../lib/gcc/;c:/mingw/bin/../lib/gcc/mingw32/6.3.0/../../../../mingw32/lib/;c:/mingw/bin/../lib/gcc/mingw32/6.3.0/../../../
COLLECT_GCC_OPTIONS='-v' '-o' 'cmTC_463de.exe' '-shared-libgcc' '-mtune=generic' '-march=i586'
 c:/mingw/bin/../libexec/gcc/mingw32/6.3.0/collect2.exe -plugin c:/mingw/bin/../libexec/gcc/mingw32/6.3.0/liblto_plugin-0.dll -plugin-opt=c:/mingw/bin/../libexec/gcc/mingw32/6.3.0/lto-wrapper.exe -plugin-opt=-fresolution=C:\Users\simon\AppData\Local\Temp\ccO0WrA3.res -plugin-opt=-pass-through=-lmingw32 -plugin-opt=-pass-through=-lgcc_s -plugin-opt=-pass-through=-lgcc -plugin-opt=-pass-through=-lmoldname -plugin-opt=-pass-through=-lmingwex -plugin-opt=-pass-through=-lmsvcrt -plugin-opt=-pass-through=-ladvapi32 -plugin-opt=-pass-through=-lshell32 -plugin-opt=-pass-through=-luser32 -plugin-opt=-pass-through=-lkernel32 -plugin-opt=-pass-through=-lmingw32 -plugin-opt=-pass-through=-lgcc_s -plugin-opt=-pass-through=-lgcc -plugin-opt=-pass-through=-lmoldname -plugin-opt=-pass-through=-lmingwex -plugin-opt=-pass-through=-lmsvcrt -Bdynamic -u ___register_frame_info -u ___deregister_frame_info -o cmTC_463de.exe c:/mingw/bin/../lib/gcc/mingw32/6.3.0/../../../crt2.o c:/mingw/bin/../lib/gcc/mingw32/6.3.0/crtbegin.o -Lc:/mingw/bin/../lib/gcc/mingw32/6.3.0 -Lc:/mingw/bin/../lib/gcc -Lc:/mingw/bin/../lib/gcc/mingw32/6.3.0/../../../../mingw32/lib -Lc:/mingw/bin/../lib/gcc/mingw32/6.3.0/../../.. --whole-archive CMakeFiles\cmTC_463de.dir/objects.a --no-whole-archive --out-implib libcmTC_463de.dll.a --major-image-version 0 --minor-image-version 0 -lstdc++ -lmingw32 -lgcc_s -lgcc -lmoldname -lmingwex -lmsvcrt -ladvapi32 -lshell32 -luser32 -lkernel32 -lmingw32 -lgcc_s -lgcc -lmoldname -lmingwex -lmsvcrt c:/mingw/bin/../lib/gcc/mingw32/6.3.0/crtend.o
COLLECT_GCC_OPTIONS='-v' '-o' 'cmTC_463de.exe' '-shared-libgcc' '-mtune=generic' '-march=i586'
mingw32-make.exe[1]: Leaving directory 'C:/C C++/2. semester/Softwarearchietecture/assignments/soface-assignment-1/build/CMakeFiles/CMakeTmp'



Parsed CXX implicit include dir info from above output: rv=done
  found start of include info
  found start of implicit include info
    add: [c:/mingw/bin/../lib/gcc/mingw32/6.3.0/include/c++]
    add: [c:/mingw/bin/../lib/gcc/mingw32/6.3.0/include/c++/mingw32]
    add: [c:/mingw/bin/../lib/gcc/mingw32/6.3.0/include/c++/backward]
    add: [c:/mingw/bin/../lib/gcc/mingw32/6.3.0/include]
    add: [c:/mingw/bin/../lib/gcc/mingw32/6.3.0/../../../../include]
    add: [c:/mingw/bin/../lib/gcc/mingw32/6.3.0/include-fixed]
  end of search list found
  collapse include dir [c:/mingw/bin/../lib/gcc/mingw32/6.3.0/include/c++] ==> [C:/MinGW/lib/gcc/mingw32/6.3.0/include/c++]
  collapse include dir [c:/mingw/bin/../lib/gcc/mingw32/6.3.0/include/c++/mingw32] ==> [C:/MinGW/lib/gcc/mingw32/6.3.0/include/c++/mingw32]
  collapse include dir [c:/mingw/bin/../lib/gcc/mingw32/6.3.0/include/c++/backward] ==> [C:/MinGW/lib/gcc/mingw32/6.3.0/include/c++/backward]
  collapse include dir [c:/mingw/bin/../lib/gcc/mingw32/6.3.0/include] ==> [C:/MinGW/lib/gcc/mingw32/6.3.0/include]
  collapse include dir [c:/mingw/bin/../lib/gcc/mingw32/6.3.0/../../../../include] ==> [C:/MinGW/include]
  collapse include dir [c:/mingw/bin/../lib/gcc/mingw32/6.3.0/include-fixed] ==> [C:/MinGW/lib/gcc/mingw32/6.3.0/include-fixed]
  implicit include dirs: [C:/MinGW/lib/gcc/mingw32/6.3.0/include/c++;C:/MinGW/lib/gcc/mingw32/6.3.0/include/c++/mingw32;C:/MinGW/lib/gcc/mingw32/6.3.0/include/c++/backward;C:/MinGW/lib/gcc/mingw32/6.3.0/include;C:/MinGW/include;C:/MinGW/lib/gcc/mingw32/6.3.0/include-fixed]


Parsed CXX implicit link information from above output:
  link line regex: [^( *|.*[/\])(ld\.exe|CMAKE_LINK_STARTFILE-NOTFOUND|([^/\]+-)?ld|collect2)[^/\]*( |$)]
  ignore line: [Change Dir: C:/C C++/2. semester/Softwarearchietecture/assignments/soface-assignment-1/build/CMakeFiles/CMakeTmp]
  ignore line: []
  ignore line: [Run Build Command(s):C:/MinGW/bin/mingw32-make.exe -f Makefile cmTC_463de/fast && C:/MinGW/bin/mingw32-make.exe  -f CMakeFiles\cmTC_463de.dir\build.make CMakeFiles/cmTC_463de.dir/build]
  ignore line: [mingw32-make.exe[1]: Entering directory 'C:/C C++/2. semester/Softwarearchietecture/assignments/soface-assignment-1/build/CMakeFiles/CMakeTmp']
  ignore line: [Building CXX object CMakeFiles/cmTC_463de.dir/CMakeCXXCompilerABI.cpp.obj]
  ignore line: [C:\MinGW\bin\g++.exe   -v -o CMakeFiles\cmTC_463de.dir\CMakeCXXCompilerABI.cpp.obj -c "C:\Program Files\CMake\share\cmake-3.24\Modules\CMakeCXXCompilerABI.cpp"]
  ignore line: [Using built-in specs.]
  ignore line: [COLLECT_GCC=C:\MinGW\bin\g++.exe]
  ignore line: [Target: mingw32]
  ignore line: [Configured with: ../src/gcc-6.3.0/configure --build=x86_64-pc-linux-gnu --host=mingw32 --with-gmp=/mingw --with-mpfr=/mingw --with-mpc=/mingw --with-isl=/mingw --prefix=/mingw --disable-win32-registry --target=mingw32 --with-arch=i586 --enable-languages=c c++ objc obj-c++ fortran ada --with-pkgversion='MinGW.org GCC-6.3.0-1' --enable-static --enable-shared --enable-threads --with-dwarf2 --disable-sjlj-exceptions --enable-version-specific-runtime-libs --with-libiconv-prefix=/mingw --with-libintl-prefix=/mingw --enable-libstdcxx-debug --with-tune=generic --enable-libgomp --disable-libvtv --enable-nls]
  ignore line: [Thread model: win32]
  ignore line: [gcc version 6.3.0 (MinGW.org GCC-6.3.0-1) ]
  ignore line: [COLLECT_GCC_OPTIONS='-v' '-o' 'CMakeFiles\cmTC_463de.dir\CMakeCXXCompilerABI.cpp.obj' '-c' '-shared-libgcc' '-mtune=generic' '-march=i586']
  ignore line: [ c:/mingw/bin/../libexec/gcc/mingw32/6.3.0/cc1plus.exe -quiet -v -iprefix c:\mingw\bin\../lib/gcc/mingw32/6.3.0/ C:\Program Files\CMake\share\cmake-3.24\Modules\CMakeCXXCompilerABI.cpp -quiet -dumpbase CMakeCXXCompilerABI.cpp -mtune=generic -march=i586 -auxbase-strip CMakeFiles\cmTC_463de.dir\CMakeCXXCompilerABI.cpp.obj -version -o C:\Users\simon\AppData\Local\Temp\ccARh4vL.s]
  ignore line: [GNU C++14 (MinGW.org GCC-6.3.0-1) version 6.3.0 (mingw32)]
  ignore line: [	compiled by GNU C version 6.3.0  GMP version 6.1.2  MPFR version 3.1.5  MPC version 1.0.2  isl version 0.15]
  ignore line: [warning: MPC header version 1.0.2 differs from library version 1.0.3.]
  ignore line: [GGC heuristics: --param ggc-min-expand=100 --param ggc-min-heapsize=131072]
  ignore line: [ignoring nonexistent directory "c:\mingw\bin\../lib/gcc/mingw32/6.3.0/../../../../mingw32/include"]
  ignore line: [ignoring duplicate directory "c:/mingw/lib/gcc/../../lib/gcc/mingw32/6.3.0/include/c++"]
  ignore line: [ignoring duplicate directory "c:/mingw/lib/gcc/../../lib/gcc/mingw32/6.3.0/include/c++/mingw32"]
  ignore line: [ignoring duplicate directory "c:/mingw/lib/gcc/../../lib/gcc/mingw32/6.3.0/include/c++/backward"]
  ignore line: [ignoring duplicate directory "c:/mingw/lib/gcc/../../lib/gcc/mingw32/6.3.0/include"]
  ignore line: [ignoring duplicate directory "/mingw/lib/gcc/mingw32/6.3.0/../../../../include"]
  ignore line: [ignoring duplicate directory "c:/mingw/lib/gcc/../../include"]
  ignore line: [ignoring duplicate directory "c:/mingw/lib/gcc/../../lib/gcc/mingw32/6.3.0/include-fixed"]
  ignore line: [ignoring nonexistent directory "c:/mingw/lib/gcc/../../lib/gcc/mingw32/6.3.0/../../../../mingw32/include"]
  ignore line: [ignoring duplicate directory "/mingw/include"]
  ignore line: [#include "..." search starts here:]
  ignore line: [#include <...> search starts here:]
  ignore line: [ c:\mingw\bin\../lib/gcc/mingw32/6.3.0/include/c++]
  ignore line: [ c:\mingw\bin\../lib/gcc/mingw32/6.3.0/include/c++/mingw32]
  ignore line: [ c:\mingw\bin\../lib/gcc/mingw32/6.3.0/include/c++/backward]
  ignore line: [ c:\mingw\bin\../lib/gcc/mingw32/6.3.0/include]
  ignore line: [ c:\mingw\bin\../lib/gcc/mingw32/6.3.0/../../../../include]
  ignore line: [ c:\mingw\bin\../lib/gcc/mingw32/6.3.0/include-fixed]
  ignore line: [End of search list.]
  ignore line: [GNU C++14 (MinGW.org GCC-6.3.0-1) version 6.3.0 (mingw32)]
  ignore line: [	compiled by GNU C version 6.3.0  GMP version 6.1.2  MPFR version 3.1.5  MPC version 1.0.2  isl version 0.15]
  ignore line: [warning: MPC header version 1.0.2 differs from library version 1.0.3.]
  ignore line: [GGC heuristics: --param ggc-min-expand=100 --param ggc-min-heapsize=131072]
  ignore line: [Compiler executable checksum: af09a87986453bf79da3565f33c7648f]
  ignore line: [COLLECT_GCC_OPTIONS='-v' '-o' 'CMakeFiles\cmTC_463de.dir\CMakeCXXCompilerABI.cpp.obj' '-c' '-shared-libgcc' '-mtune=generic' '-march=i586']
  ignore line: [ c:/mingw/bin/../lib/gcc/mingw32/6.3.0/../../../../mingw32/bin/as.exe -v -o CMakeFiles\cmTC_463de.dir\CMakeCXXCompilerABI.cpp.obj C:\Users\simon\AppData\Local\Temp\ccARh4vL.s]
  ignore line: [GNU assembler version 2.28 (mingw32) using BFD version (GNU Binutils) 2.28]
  ignore line: [COMPILER_PATH=c:/mingw/bin/../libexec/gcc/mingw32/6.3.0/]
  ignore line: [c:/mingw/bin/../libexec/gcc/]
  ignore line: [c:/mingw/bin/../lib/gcc/mingw32/6.3.0/../../../../mingw32/bin/]
  ignore line: [LIBRARY_PATH=c:/mingw/bin/../lib/gcc/mingw32/6.3.0/]
  ignore line: [c:/mingw/bin/../lib/gcc/]
  ignore line: [c:/mingw/bin/../lib/gcc/mingw32/6.3.0/../../../../mingw32/lib/]
  ignore line: [c:/mingw/bin/../lib/gcc/mingw32/6.3.0/../../../]
  ignore line: [COLLECT_GCC_OPTIONS='-v' '-o' 'CMakeFiles\cmTC_463de.dir\CMakeCXXCompilerABI.cpp.obj' '-c' '-shared-libgcc' '-mtune=generic' '-march=i586']
  ignore line: [Linking CXX executable cmTC_463de.exe]
  ignore line: ["C:\Program Files\CMake\bin\cmake.exe" -E cmake_link_script CMakeFiles\cmTC_463de.dir\link.txt --verbose=1]
  ignore line: ["C:\Program Files\CMake\bin\cmake.exe" -E rm -f CMakeFiles\cmTC_463de.dir/objects.a]
  ignore line: [C:\MinGW\bin\ar.exe qc CMakeFiles\cmTC_463de.dir/objects.a @CMakeFiles\cmTC_463de.dir\objects1.rsp]
  ignore line: [C:\MinGW\bin\g++.exe  -v -Wl --whole-archive CMakeFiles\cmTC_463de.dir/objects.a -Wl --no-whole-archive -o cmTC_463de.exe -Wl --out-implib libcmTC_463de.dll.a -Wl --major-image-version 0 --minor-image-version 0 ]
  ignore line: [Using built-in specs.]
  ignore line: [COLLECT_GCC=C:\MinGW\bin\g++.exe]
  ignore line: [COLLECT_LTO_WRAPPER=c:/mingw/bin/../libexec/gcc/mingw32/6.3.0/lto-wrapper.exe]
  ignore line: [Target: mingw32]
  ignore line: [Configured with: ../src/gcc-6.3.0/configure --build=x86_64-pc-linux-gnu --host=mingw32 --with-gmp=/mingw --with-mpfr=/mingw --with-mpc=/mingw --with-isl=/mingw --prefix=/mingw --disable-win32-registry --target=mingw32 --with-arch=i586 --enable-languages=c c++ objc obj-c++ fortran ada --with-pkgversion='MinGW.org GCC-6.3.0-1' --enable-static --enable-shared --enable-threads --with-dwarf2 --disable-sjlj-exceptions --enable-version-specific-runtime-libs --with-libiconv-prefix=/mingw --with-libintl-prefix=/mingw --enable-libstdcxx-debug --with-tune=generic --enable-libgomp --disable-libvtv --enable-nls]
  ignore line: [Thread model: win32]
  ignore line: [gcc version 6.3.0 (MinGW.org GCC-6.3.0-1) ]
  ignore line: [COMPILER_PATH=c:/mingw/bin/../libexec/gcc/mingw32/6.3.0/]
  ignore line: [c:/mingw/bin/../libexec/gcc/]
  ignore line: [c:/mingw/bin/../lib/gcc/mingw32/6.3.0/../../../../mingw32/bin/]
  ignore line: [LIBRARY_PATH=c:/mingw/bin/../lib/gcc/mingw32/6.3.0/]
  ignore line: [c:/mingw/bin/../lib/gcc/]
  ignore line: [c:/mingw/bin/../lib/gcc/mingw32/6.3.0/../../../../mingw32/lib/]
  ignore line: [c:/mingw/bin/../lib/gcc/mingw32/6.3.0/../../../]
  ignore line: [COLLECT_GCC_OPTIONS='-v' '-o' 'cmTC_463de.exe' '-shared-libgcc' '-mtune=generic' '-march=i586']
  link line: [ c:/mingw/bin/../libexec/gcc/mingw32/6.3.0/collect2.exe -plugin c:/mingw/bin/../libexec/gcc/mingw32/6.3.0/liblto_plugin-0.dll -plugin-opt=c:/mingw/bin/../libexec/gcc/mingw32/6.3.0/lto-wrapper.exe -plugin-opt=-fresolution=C:\Users\simon\AppData\Local\Temp\ccO0WrA3.res -plugin-opt=-pass-through=-lmingw32 -plugin-opt=-pass-through=-lgcc_s -plugin-opt=-pass-through=-lgcc -plugin-opt=-pass-through=-lmoldname -plugin-opt=-pass-through=-lmingwex -plugin-opt=-pass-through=-lmsvcrt -plugin-opt=-pass-through=-ladvapi32 -plugin-opt=-pass-through=-lshell32 -plugin-opt=-pass-through=-luser32 -plugin-opt=-pass-through=-lkernel32 -plugin-opt=-pass-through=-lmingw32 -plugin-opt=-pass-through=-lgcc_s -plugin-opt=-pass-through=-lgcc -plugin-opt=-pass-through=-lmoldname -plugin-opt=-pass-through=-lmingwex -plugin-opt=-pass-through=-lmsvcrt -Bdynamic -u ___register_frame_info -u ___deregister_frame_info -o cmTC_463de.exe c:/mingw/bin/../lib/gcc/mingw32/6.3.0/../../../crt2.o c:/mingw/bin/../lib/gcc/mingw32/6.3.0/crtbegin.o -Lc:/mingw/bin/../lib/gcc/mingw32/6.3.0 -Lc:/mingw/bin/../lib/gcc -Lc:/mingw/bin/../lib/gcc/mingw32/6.3.0/../../../../mingw32/lib -Lc:/mingw/bin/../lib/gcc/mingw32/6.3.0/../../.. --whole-archive CMakeFiles\cmTC_463de.dir/objects.a --no-whole-archive --out-implib libcmTC_463de.dll.a --major-image-version 0 --minor-image-version 0 -lstdc++ -lmingw32 -lgcc_s -lgcc -lmoldname -lmingwex -lmsvcrt -ladvapi32 -lshell32 -luser32 -lkernel32 -lmingw32 -lgcc_s -lgcc -lmoldname -lmingwex -lmsvcrt c:/mingw/bin/../lib/gcc/mingw32/6.3.0/crtend.o]
    arg [c:/mingw/bin/../libexec/gcc/mingw32/6.3.0/collect2.exe] ==> ignore
    arg [-plugin] ==> ignore
    arg [c:/mingw/bin/../libexec/gcc/mingw32/6.3.0/liblto_plugin-0.dll] ==> ignore
    arg [-plugin-opt=c:/mingw/bin/../libexec/gcc/mingw32/6.3.0/lto-wrapper.exe] ==> ignore
    arg [-plugin-opt=-fresolution=C:\Users\simon\AppData\Local\Temp\ccO0WrA3.res] ==> ignore
    arg [-plugin-opt=-pass-through=-lmingw32] ==> ignore
    arg [-plugin-opt=-pass-through=-lgcc_s] ==> ignore
    arg [-plugin-opt=-pass-through=-lgcc] ==> ignore
    arg [-plugin-opt=-pass-through=-lmoldname] ==> ignore
    arg [-plugin-opt=-pass-through=-lmingwex] ==> ignore
    arg [-plugin-opt=-pass-through=-lmsvcrt] ==> ignore
    arg [-plugin-opt=-pass-through=-ladvapi32] ==> ignore
    arg [-plugin-opt=-pass-through=-lshell32] ==> ignore
    arg [-plugin-opt=-pass-through=-luser32] ==> ignore
    arg [-plugin-opt=-pass-through=-lkernel32] ==> ignore
    arg [-plugin-opt=-pass-through=-lmingw32] ==> ignore
    arg [-plugin-opt=-pass-through=-lgcc_s] ==> ignore
    arg [-plugin-opt=-pass-through=-lgcc] ==> ignore
    arg [-plugin-opt=-pass-through=-lmoldname] ==> ignore
    arg [-plugin-opt=-pass-through=-lmingwex] ==> ignore
    arg [-plugin-opt=-pass-through=-lmsvcrt] ==> ignore
    arg [-Bdynamic] ==> search dynamic
    arg [-u] ==> ignore
    arg [___register_frame_info] ==> ignore
    arg [-u] ==> ignore
    arg [___deregister_frame_info] ==> ignore
    arg [-o] ==> ignore
    arg [cmTC_463de.exe] ==> ignore
    arg [c:/mingw/bin/../lib/gcc/mingw32/6.3.0/../../../crt2.o] ==> obj [c:/mingw/bin/../lib/gcc/mingw32/6.3.0/../../../crt2.o]
    arg [c:/mingw/bin/../lib/gcc/mingw32/6.3.0/crtbegin.o] ==> obj [c:/mingw/bin/../lib/gcc/mingw32/6.3.0/crtbegin.o]
    arg [-Lc:/mingw/bin/../lib/gcc/mingw32/6.3.0] ==> dir [c:/mingw/bin/../lib/gcc/mingw32/6.3.0]
    arg [-Lc:/mingw/bin/../lib/gcc] ==> dir [c:/mingw/bin/../lib/gcc]
    arg [-Lc:/mingw/bin/../lib/gcc/mingw32/6.3.0/../../../../mingw32/lib] ==> dir [c:/mingw/bin/../lib/gcc/mingw32/6.3.0/../../../../mingw32/lib]
    arg [-Lc:/mingw/bin/../lib/gcc/mingw32/6.3.0/../../..] ==> dir [c:/mingw/bin/../lib/gcc/mingw32/6.3.0/../../..]
    arg [--whole-archive] ==> ignore
    arg [CMakeFiles\cmTC_463de.dir/objects.a] ==> ignore
    arg [--no-whole-archive] ==> ignore
    arg [--out-implib] ==> ignore
    arg [libcmTC_463de.dll.a] ==> ignore
    arg [--major-image-version] ==> ignore
    arg [0] ==> ignore
    arg [--minor-image-version] ==> ignore
    arg [0] ==> ignore
    arg [-lstdc++] ==> lib [stdc++]
    arg [-lmingw32] ==> lib [mingw32]
    arg [-lgcc_s] ==> lib [gcc_s]
    arg [-lgcc] ==> lib [gcc]
    arg [-lmoldname] ==> lib [moldname]
    arg [-lmingwex] ==> lib [mingwex]
    arg [-lmsvcrt] ==> lib [msvcrt]
    arg [-ladvapi32] ==> lib [advapi32]
    arg [-lshell32] ==> lib [shell32]
    arg [-luser32] ==> lib [user32]
    arg [-lkernel32] ==> lib [kernel32]
    arg [-lmingw32] ==> lib [mingw32]
    arg [-lgcc_s] ==> lib [gcc_s]
    arg [-lgcc] ==> lib [gcc]
    arg [-lmoldname] ==> lib [moldname]
    arg [-lmingwex] ==> lib [mingwex]
    arg [-lmsvcrt] ==> lib [msvcrt]
    arg [c:/mingw/bin/../lib/gcc/mingw32/6.3.0/crtend.o] ==> obj [c:/mingw/bin/../lib/gcc/mingw32/6.3.0/crtend.o]
  remove lib [msvcrt]
  remove lib [msvcrt]
  collapse obj [c:/mingw/bin/../lib/gcc/mingw32/6.3.0/../../../crt2.o] ==> [C:/MinGW/lib/crt2.o]
  collapse obj [c:/mingw/bin/../lib/gcc/mingw32/6.3.0/crtbegin.o] ==> [C:/MinGW/lib/gcc/mingw32/6.3.0/crtbegin.o]
  collapse obj [c:/mingw/bin/../lib/gcc/mingw32/6.3.0/crtend.o] ==> [C:/MinGW/lib/gcc/mingw32/6.3.0/crtend.o]
  collapse library dir [c:/mingw/bin/../lib/gcc/mingw32/6.3.0] ==> [C:/MinGW/lib/gcc/mingw32/6.3.0]
  collapse library dir [c:/mingw/bin/../lib/gcc] ==> [C:/MinGW/lib/gcc]
  collapse library dir [c:/mingw/bin/../lib/gcc/mingw32/6.3.0/../../../../mingw32/lib] ==> [C:/MinGW/mingw32/lib]
  collapse library dir [c:/mingw/bin/../lib/gcc/mingw32/6.3.0/../../..] ==> [C:/MinGW/lib]
  implicit libs: [stdc++;mingw32;gcc_s;gcc;moldname;mingwex;advapi32;shell32;user32;kernel32;mingw32;gcc_s;gcc;moldname;mingwex]
  implicit objs: [C:/MinGW/lib/crt2.o;C:/MinGW/lib/gcc/mingw32/6.3.0/crtbegin.o;C:/MinGW/lib/gcc/mingw32/6.3.0/crtend.o]
  implicit dirs: [C:/MinGW/lib/gcc/mingw32/6.3.0;C:/MinGW/lib/gcc;C:/MinGW/mingw32/lib;C:/MinGW/lib]
  implicit fwks: []


